[29723.638526] newmem.bash invoked oom-killer: gfp_mask=0x6280ca(GFP_HIGHUSER_MOVABLE|__GFP_ZERO), nodemask=(null), order=0, oom_score_adj=0
[29723.645026] newmem.bash cpuset=/ mems_allowed=0
[29723.647258] CPU: 0 PID: 1861 Comm: newmem.bash Kdump: loaded Tainted: G                 ---------r-  - 4.18.0-193.el8.x86_64 #1
[29723.939667] [ 1827]     0  1827    99215    25219   434176    18699             0 newmem.bash
[29723.941981] [ 1829]     0  1829    96575    27305   401408    13743             0 newmem.bash
[29723.944302] [ 1831]     0  1831    95123    20047   393216    19448             0 newmem.bash
[29723.946633] [ 1833]     0  1833    93902    19957   376832    18341             0 newmem.bash
[29723.948953] [ 1835]     0  1835    93539    20164   385024    17835             0 newmem.bash
[29723.951190] [ 1837]     0  1837    92747    20082   372736    17119             0 newmem.bash
[29723.953339] [ 1839]     0  1839    92417    20336   364544    16723             0 newmem.bash
[29723.955471] [ 1841]     0  1841    91889    20250   356352    16240             0 newmem.bash
[29723.957599] [ 1843]     0  1843    91394    19945   356352    15868             0 newmem.bash
[29723.959656] [ 1845]     0  1845    91295    20133   352256    15608             0 newmem.bash
[29723.961736] [ 1854]     0  1854    78227    19963   249856     2715             0 newmem.bash
[29723.963746] [ 1856]     0  1856    78194    20436   258048     2477             0 newmem.bash
[29723.967810] [ 1859]     0  1859    77897    20224   249856     2257             0 newmem.bash
[29723.969833] [ 1861]     0  1861    77600    20183   245760     2013             0 newmem.bash
[29723.971823] [ 1863]     0  1863    77501    20178   249856     1789             0 newmem.bash
[29723.973788] [ 1865]     0  1865    77105    19951   249856     1570             0 newmem.bash
[29723.975758] [ 1867]     0  1867    77072    20416   253952     1396             0 newmem.bash
[29723.977689] [ 1869]     0  1869    76841    20068   249856     1195             0 newmem.bash
[29723.979586] [ 1871]     0  1871    76709    20119   245760     1029             0 newmem.bash
[29723.981449] [ 1873]     0  1873    76544    20179   245760      852             0 newmem.bash
[29723.985178] Out of memory: Killed process 1827 (newmem.bash) total-vm:396860kB, anon-rss:99688kB, file-rss:1188kB, shmem-rss:0kB, UID:0
[29726.605055] oom_reaper: reaped process 1827 (newmem.bash), now anon-rss:0kB, file-rss:0kB, shmem-rss:0kB
[29745.924352] newmem.bash invoked oom-killer: gfp_mask=0x6280ca(GFP_HIGHUSER_MOVABLE|__GFP_ZERO), nodemask=(null), order=0, oom_score_adj=0
[29745.931392] newmem.bash cpuset=/ mems_allowed=0
[29745.933756] CPU: 0 PID: 1859 Comm: newmem.bash Kdump: loaded Tainted: G                 ---------r-  - 4.18.0-193.el8.x86_64 #1
[29746.220999] [ 1829]     0  1829   100040    29755   430080    14682             0 newmem.bash
[29746.223283] [ 1831]     0  1831    97136    21151   409600    20383             0 newmem.bash
[29746.225573] [ 1833]     0  1833    95915    21376   393216    19264             0 newmem.bash
[29746.227863] [ 1835]     0  1835    95585    21199   401408    18781             0 newmem.bash
[29746.230133] [ 1837]     0  1837    94760    21086   389120    18094             0 newmem.bash
[29746.232348] [ 1839]     0  1839    94397    21117   380928    17677             0 newmem.bash
[29746.234481] [ 1841]     0  1841    93836    21196   372736    17199             0 newmem.bash
[29746.236618] [ 1843]     0  1843    93473    21188   372736    16811             0 newmem.bash
[29746.238678] [ 1845]     0  1845    93275    21138   368640    16552             0 newmem.bash
[29746.240700] [ 1854]     0  1854    81692    22470   278528     3638             0 newmem.bash
[29746.242717] [ 1856]     0  1856    80306    21277   274432     3419             0 newmem.bash
[29746.246691] [ 1859]     0  1859    81362    22550   274432     3228             0 newmem.bash
[29746.248695] [ 1861]     0  1861    81032    22494   270336     2969             0 newmem.bash
[29746.250677] [ 1863]     0  1863    79547    21202   266240     2761             0 newmem.bash
[29746.252706] [ 1865]     0  1865    79151    21122   266240     2543             0 newmem.bash
[29746.254673] [ 1867]     0  1867    80537    22914   282624     2326             0 newmem.bash
[29746.256632] [ 1869]     0  1869    78887    21173   262144     2137             0 newmem.bash
[29746.258549] [ 1871]     0  1871    78689    21115   262144     1975             0 newmem.bash
[29746.260442] [ 1873]     0  1873    80009    22661   270336     1798             0 newmem.bash
[29746.264187] Out of memory: Killed process 1829 (newmem.bash) total-vm:400160kB, anon-rss:119020kB, file-rss:0kB, shmem-rss:0kB, UID:0
[29747.999151] oom_reaper: reaped process 1829 (newmem.bash), now anon-rss:0kB, file-rss:0kB, shmem-rss:0kB
[29765.110923] newmem.bash invoked oom-killer: gfp_mask=0x6200ca(GFP_HIGHUSER_MOVABLE), nodemask=(null), order=0, oom_score_adj=0
[29765.113126] newmem.bash cpuset=/ mems_allowed=0
[29765.115350] CPU: 0 PID: 1869 Comm: newmem.bash Kdump: loaded Tainted: G                 ---------r-  - 4.18.0-193.el8.x86_64 #1
[29765.396473] [ 1831]     0  1831    99578    22737   430080    21225             0 newmem.bash
[29765.398777] [ 1833]     0  1833    98225    22523   413696    20117             0 newmem.bash
[29765.401102] [ 1835]     0  1835    97994    22757   421888    19640             0 newmem.bash
[29765.403390] [ 1837]     0  1837    97202    22664   409600    18946             0 newmem.bash
[29765.405678] [ 1839]     0  1839    96872    22732   401408    18534             0 newmem.bash
[29765.407898] [ 1841]     0  1841    96278    22632   389120    18053             0 newmem.bash
[29765.410039] [ 1843]     0  1843    95816    22604   389120    17634             0 newmem.bash
[29765.412157] [ 1845]     0  1845    95684    22723   389120    17409             0 newmem.bash
[29765.414239] [ 1854]     0  1854    84035    23986   294912     4464             0 newmem.bash
[29765.416297] [ 1856]     0  1856    82781    22919   294912     4273             0 newmem.bash
[29765.420384] [ 1859]     0  1859    83771    24101   294912     4053             0 newmem.bash
[29765.422460] [ 1861]     0  1861    83408    23993   290816     3821             0 newmem.bash
[29765.424483] [ 1863]     0  1863    81923    22713   286720     3601             0 newmem.bash
[29765.426536] [ 1865]     0  1865    81527    22544   286720     3392             0 newmem.bash
[29765.428492] [ 1867]     0  1867    82946    24173   303104     3166             0 newmem.bash
[29765.430438] [ 1869]     0  1869    81230    22653   282624     2982             0 newmem.bash
[29765.432565] [ 1871]     0  1871    81098    22663   282624     2854             0 newmem.bash
[29765.434464] [ 1873]     0  1873    82385    24185   290816     2629             0 newmem.bash
[29765.438233] Out of memory: Killed process 1831 (newmem.bash) total-vm:398312kB, anon-rss:90928kB, file-rss:20kB, shmem-rss:0kB, UID:0
[29767.186585] oom_reaper: reaped process 1831 (newmem.bash), now anon-rss:0kB, file-rss:0kB, shmem-rss:0kB
[29783.484877] [ 1833]     0  1833   100073    23238   425984    21328             0 newmem.bash
[29783.487198] [ 1835]     0  1835   100007    23708   438272    20847             0 newmem.bash
[29783.489477] [ 1837]     0  1837   100733    25075   438272    20171             0 newmem.bash
[29783.491736] [ 1839]     0  1839    98687    23447   417792    19774             0 newmem.bash
[29783.494029] [ 1841]     0  1841    99842    25090   417792    19276             0 newmem.bash
[29783.496209] [ 1843]     0  1843    98159    23793   409600    18850             0 newmem.bash
[29783.498319] [ 1845]     0  1845    97532    23376   401408    18646             0 newmem.bash
[29783.500419] [ 1854]     0  1854    86048    24839   311296     5695             0 newmem.bash
[29783.502498] [ 1856]     0  1856    86312    25348   319488     5510             0 newmem.bash
[29783.506582] [ 1859]     0  1859    85718    24932   311296     5265             0 newmem.bash
[29783.508606] [ 1861]     0  1861    85421    24920   307200     5024             0 newmem.bash
[29783.510654] [ 1863]     0  1863    85487    25190   315392     4803             0 newmem.bash
[29783.512648] [ 1865]     0  1865    83474    23389   303104     4613             0 newmem.bash
[29783.514623] [ 1867]     0  1867    84728    24868   315392     4392             0 newmem.bash
[29783.516574] [ 1869]     0  1869    84695    25000   311296     4190             0 newmem.bash
[29783.518504] [ 1871]     0  1871    84695    25126   311296     4064             0 newmem.bash
[29783.520402] [ 1873]     0  1873    84398    25068   307200     3825             0 newmem.bash
[29783.524193] Out of memory: Killed process 1837 (newmem.bash) total-vm:402932kB, anon-rss:99872kB, file-rss:428kB, shmem-rss:0kB, UID:0
[29787.367720] oom_reaper: reaped process 1837 (newmem.bash), now anon-rss:0kB, file-rss:0kB, shmem-rss:0kB
[29806.652599] newmem.bash invoked oom-killer: gfp_mask=0x6280ca(GFP_HIGHUSER_MOVABLE|__GFP_ZERO), nodemask=(null), order=0, oom_score_adj=0
[29806.652870] newmem.bash cpuset=/ mems_allowed=0
[29806.652961] CPU: 0 PID: 1845 Comm: newmem.bash Kdump: loaded Tainted: G                 ---------r-  - 4.18.0-193.el8.x86_64 #1
[29806.867519] [ 1833]     0  1833   102878    24760   450560    22543             0 newmem.bash
[29806.869805] [ 1835]     0  1835   102911    25272   462848    22127             0 newmem.bash
[29806.872113] [ 1839]     0  1839   101426    25109   438272    21011             0 newmem.bash
[29806.874379] [ 1841]     0  1841   103142    27005   446464    20545             0 newmem.bash
[29806.876642] [ 1843]     0  1843   100964    25318   430080    20090             0 newmem.bash
[29806.878840] [ 1845]     0  1845   100436    24991   425984    19902             0 newmem.bash
[29806.881035] [ 1854]     0  1854    89282    26739   335872     6948             0 newmem.bash
[29806.883150] [ 1856]     0  1856    89579    27319   348160     6772             0 newmem.bash
[29806.887314] [ 1859]     0  1859    88952    27149   335872     6535             0 newmem.bash
[29806.889417] [ 1861]     0  1861    88226    26353   327680     6293             0 newmem.bash
[29806.891492] [ 1863]     0  1863    88160    26558   335872     6058             0 newmem.bash
[29806.893569] [ 1865]     0  1865    86609    25188   327680     5841             0 newmem.bash
[29806.895597] [ 1867]     0  1867    87962    26704   344064     5682             0 newmem.bash
[29806.897610] [ 1869]     0  1869    87500    26806   331776     5433             0 newmem.bash
[29806.899597] [ 1871]     0  1871    87533    26976   335872     5284             0 newmem.bash
[29806.901560] [ 1873]     0  1873    87566    26928   331776     5061             0 newmem.bash
[29806.905451] Out of memory: Killed process 1841 (newmem.bash) total-vm:412568kB, anon-rss:108020kB, file-rss:0kB, shmem-rss:0kB, UID:0
[29807.814469] oom_reaper: reaped process 1841 (newmem.bash), now anon-rss:0kB, file-rss:0kB, shmem-rss:0kB
[29828.270380] newmem.bash invoked oom-killer: gfp_mask=0x6200ca(GFP_HIGHUSER_MOVABLE), nodemask=(null), order=0, oom_score_adj=0
[29828.276734] newmem.bash cpuset=/ mems_allowed=0
[29828.278885] CPU: 0 PID: 1835 Comm: newmem.bash Kdump: loaded Tainted: G                 ---------r-  - 4.18.0-193.el8.x86_64 #1
[29828.578973] [ 1833]     0  1833   106046    26483   475136    23988             0 newmem.bash
[29828.581283] [ 1835]     0  1835   106211    27111   487424    23537             0 newmem.bash
[29828.583564] [ 1839]     0  1839   104660    26646   462848    22440             0 newmem.bash
[29828.585872] [ 1843]     0  1843   104297    27210   458752    21503             0 newmem.bash
[29828.588158] [ 1845]     0  1845   103769    26820   450560    21358             0 newmem.bash
[29828.590389] [ 1854]     0  1854    92582    28646   364544     8343             0 newmem.bash
[29828.592552] [ 1856]     0  1856    92846    29074   372736     8192             0 newmem.bash
[29828.596784] [ 1859]     0  1859    92252    28702   364544     7964             0 newmem.bash
[29828.598910] [ 1861]     0  1861    91460    28204   356352     7711             0 newmem.bash
[29828.601030] [ 1863]     0  1863    91427    28391   360448     7475             0 newmem.bash
[29828.603131] [ 1865]     0  1865    89909    27055   352256     7258             0 newmem.bash
[29828.605177] [ 1867]     0  1867    91262    28557   368640     7133             0 newmem.bash
[29828.607207] [ 1869]     0  1869    90602    28158   356352     6870             0 newmem.bash
[29828.609219] [ 1871]     0  1871    90866    28533   360448     6754             0 newmem.bash
[29828.611207] [ 1873]     0  1873    90767    28688   360448     6502             0 newmem.bash
[29828.618992] Out of memory: Killed process 1835 (newmem.bash) total-vm:424844kB, anon-rss:108444kB, file-rss:0kB, shmem-rss:0kB, UID:0
[29828.973709] oom_reaper: reaped process 1835 (newmem.bash), now anon-rss:0kB, file-rss:0kB, shmem-rss:0kB
[29849.572341] newmem.bash invoked oom-killer: gfp_mask=0x6280ca(GFP_HIGHUSER_MOVABLE|__GFP_ZERO), nodemask=(null), order=0, oom_score_adj=0
[29849.572570] newmem.bash cpuset=/ mems_allowed=0
[29849.572660] CPU: 0 PID: 1871 Comm: newmem.bash Kdump: loaded Tainted: G                 ---------r-  - 4.18.0-193.el8.x86_64 #1
[29849.795347] [ 1833]     0  1833   109643    28404   503808    25640             0 newmem.bash
[29849.797683] [ 1839]     0  1839   108224    28505   491520    24110             0 newmem.bash
[29849.799984] [ 1843]     0  1843   107927    29180   487424    23173             0 newmem.bash
[29849.802270] [ 1845]     0  1845   107300    28693   479232    23012             0 newmem.bash
[29849.804571] [ 1854]     0  1854    96179    30555   393216    10022             0 newmem.bash
[29849.806774] [ 1856]     0  1856    96410    30963   401408     9873             0 newmem.bash
[29849.811112] [ 1859]     0  1859    95783    30588   389120     9623             0 newmem.bash
[29849.813280] [ 1861]     0  1861    94991    30088   385024     9329             0 newmem.bash
[29849.815378] [ 1863]     0  1863    95024    30310   389120     9152             0 newmem.bash
[29849.817444] [ 1865]     0  1865    93506    29000   380928     8939             0 newmem.bash
[29849.819524] [ 1867]     0  1867    94892    30507   397312     8801             0 newmem.bash
[29849.821562] [ 1869]     0  1869    94166    30037   385024     8548             0 newmem.bash
[29849.823575] [ 1871]     0  1871    94430    30448   389120     8432             0 newmem.bash
[29849.825579] [ 1873]     0  1873    94331    30611   385024     8174             0 newmem.bash
[29849.835374] Out of memory: Killed process 1833 (newmem.bash) total-vm:438572kB, anon-rss:113616kB, file-rss:0kB, shmem-rss:0kB, UID:0
[29872.405418] newmem.bash invoked oom-killer: gfp_mask=0x6280ca(GFP_HIGHUSER_MOVABLE|__GFP_ZERO), nodemask=(null), order=0, oom_score_adj=0
[29872.409442] newmem.bash cpuset=/ mems_allowed=0
[29872.411545] CPU: 0 PID: 1865 Comm: newmem.bash Kdump: loaded Tainted: G                 ---------r-  - 4.18.0-193.el8.x86_64 #1
[29872.694676] [ 1839]     0  1839   112283    30628   524288    26087             0 newmem.bash
[29872.697033] [ 1843]     0  1843   112019    31276   520192    25162             0 newmem.bash
[29872.699354] [ 1845]     0  1845   111392    30825   512000    24993             0 newmem.bash
[29872.701674] [ 1854]     0  1854   100271    32686   425984    11981             0 newmem.bash
[29872.704018] [ 1856]     0  1856   100568    33165   434176    11851             0 newmem.bash
[29872.708420] [ 1859]     0  1859    99875    32694   425984    11601             0 newmem.bash
[29872.710601] [ 1861]     0  1861    99050    32189   413696    11295             0 newmem.bash
[29872.712760] [ 1863]     0  1863    99182    32485   425984    11141             0 newmem.bash
[29872.714910] [ 1865]     0  1865    97598    31132   413696    10899             0 newmem.bash
[29872.717019] [ 1867]     0  1867    98984    32642   430080    10790             0 newmem.bash
[29872.719109] [ 1869]     0  1869    98258    32154   417792    10508             0 newmem.bash
[29872.721184] [ 1871]     0  1871    98555    32546   421888    10426             0 newmem.bash
[29872.723250] [ 1873]     0  1873    98423    32687   417792    10144             0 newmem.bash
[29872.731352] Out of memory: Killed process 1839 (newmem.bash) total-vm:449132kB, anon-rss:122512kB, file-rss:0kB, shmem-rss:0kB, UID:0
[29873.553189] oom_reaper: reaped process 1839 (newmem.bash), now anon-rss:0kB, file-rss:0kB, shmem-rss:0kB
[31359.157336] newmem.bash invoked oom-killer: gfp_mask=0x6200ca(GFP_HIGHUSER_MOVABLE), nodemask=(null), order=0, oom_score_adj=0
[31359.158712] newmem.bash cpuset=/ mems_allowed=0
[31359.159554] CPU: 0 PID: 1979 Comm: newmem.bash Kdump: loaded Tainted: G                 ---------r-  - 4.18.0-193.el8.x86_64 #1
[31359.437611] [ 1953]     0  1953    84530    27757   315392     1199             0 newmem.bash
[31359.439851] [ 1955]     0  1955    81428    13321   278528    12534             0 newmem.bash
[31359.442063] [ 1957]     0  1957    79910    13421   266240    10978             0 newmem.bash
[31359.444137] [ 1959]     0  1959    79316    13616   266240    10127             0 newmem.bash
[31359.446189] [ 1961]     0  1961    78392    13484   262144     9399             0 newmem.bash
[31359.448210] [ 1963]     0  1963    77930    13483   262144     8874             0 newmem.bash
[31359.450207] [ 1965]     0  1965    77303    13393   245760     8368             0 newmem.bash
[31359.452176] [ 1967]     0  1967    76907    13322   241664     8045             0 newmem.bash
[31359.454108] [ 1969]     0  1969    76643    13445   233472     7656             0 newmem.bash
[31359.456027] [ 1971]     0  1971    76445    13586   245760     7315             0 newmem.bash
[31359.457932] [ 1973]     0  1973    76313    13583   233472     7186             0 newmem.bash
[31359.459827] [ 1975]     0  1975    75587    13312   233472     6733             0 newmem.bash
[31359.461697] [ 1977]     0  1977    75620    13472   237568     6574             0 newmem.bash
[31359.463538] [ 1979]     0  1979    75422    13497   229376     6351             0 newmem.bash
[31359.465328] [ 1981]     0  1981    75257    13535   229376     6179             0 newmem.bash
[31359.467138] [ 1983]     0  1983    74828    13463   221184     5788             0 newmem.bash
[31359.468931] [ 1985]     0  1985    74696    13557   233472     5630             0 newmem.bash
[31359.470704] [ 1987]     0  1987    74597    13605   233472     5449             0 newmem.bash
[31359.472477] [ 1989]     0  1989    74333    13564   229376     5226             0 newmem.bash
[31359.474173] [ 1991]     0  1991    74003    13374   225280     5089             0 newmem.bash
[31359.475900] [ 1993]     0  1993    73970    13466   221184     4931             0 newmem.bash
[31359.477609] [ 1995]     0  1995    73640    13449   229376     4618             0 newmem.bash
[31359.479276] [ 1997]     0  1997    73640    13637   221184     4429             0 newmem.bash
[31359.480878] [ 1999]     0  1999    73178    13344   221184     4327             0 newmem.bash
[31359.482484] [ 2001]     0  2001    73211    13415   208896     4255             0 newmem.bash
[31359.484066] [ 2003]     0  2003    73112    13515   221184     4023             0 newmem.bash
[31359.485616] [ 2005]     0  2005    73079    13560   221184     3978             0 newmem.bash
[31359.487181] [ 2007]     0  2007    72815    13439   212992     3835             0 newmem.bash
[31359.488774] [ 2009]     0  2009    72716    13475   217088     3734             0 newmem.bash
[31359.490577] [ 2011]     0  2011    72683    13525   217088     3615             0 newmem.bash
[31359.492150] Out of memory: Killed process 1953 (newmem.bash) total-vm:338120kB, anon-rss:110856kB, file-rss:172kB, shmem-rss:0kB, UID:0
[31359.695383] oom_reaper: reaped process 1953 (newmem.bash), now anon-rss:0kB, file-rss:0kB, shmem-rss:0kB
[31371.251910] newmem.bash invoked oom-killer: gfp_mask=0x6200ca(GFP_HIGHUSER_MOVABLE), nodemask=(null), order=0, oom_score_adj=0
[31371.255983] newmem.bash cpuset=/ mems_allowed=0
[31371.258089] CPU: 0 PID: 1967 Comm: newmem.bash Kdump: loaded Tainted: G                 ---------r-  - 4.18.0-193.el8.x86_64 #1
[31371.572323] [ 1955]     0  1955    82451    14374   286720    12554             0 newmem.bash
[31371.574562] [ 1957]     0  1957    80966    14372   274432    11033             0 newmem.bash
[31371.576738] [ 1959]     0  1959    80372    14627   274432    10186             0 newmem.bash
[31371.578830] [ 1961]     0  1961    79448    14433   270336     9458             0 newmem.bash
[31371.580910] [ 1963]     0  1963    78986    14493   270336     8932             0 newmem.bash
[31371.582947] [ 1965]     0  1965    78359    14344   253952     8426             0 newmem.bash
[31371.584963] [ 1967]     0  1967    77963    14267   249856     8104             0 newmem.bash
[31371.586971] [ 1969]     0  1969    77699    14419   241664     7685             0 newmem.bash
[31371.588912] [ 1971]     0  1971    77468    14534   253952     7374             0 newmem.bash
[31371.590828] [ 1973]     0  1973    77369    14553   241664     7223             0 newmem.bash
[31371.592776] [ 1975]     0  1975    76610    14256   241664     6792             0 newmem.bash
[31371.594679] [ 1977]     0  1977    76676    14477   245760     6633             0 newmem.bash
[31371.596547] [ 1979]     0  1979    76445    14486   237568     6380             0 newmem.bash
[31371.598383] [ 1981]     0  1981    76280    14482   237568     6238             0 newmem.bash
[31371.600195] [ 1983]     0  1983    75851    14451   229376     5846             0 newmem.bash
[31371.602003] [ 1985]     0  1985    75752    14500   241664     5689             0 newmem.bash
[31371.603809] [ 1987]     0  1987    75620    14556   241664     5507             0 newmem.bash
[31371.605570] [ 1989]     0  1989    75356    14510   237568     5285             0 newmem.bash
[31371.607304] [ 1991]     0  1991    75059    14409   233472     5120             0 newmem.bash
[31371.609043] [ 1993]     0  1993    74993    14507   229376     4960             0 newmem.bash
[31371.610782] [ 1995]     0  1995    74696    14475   237568     4646             0 newmem.bash
[31371.612493] [ 1997]     0  1997    74696    14648   229376     4488             0 newmem.bash
[31371.614140] [ 1999]     0  1999    74234    14294   229376     4385             0 newmem.bash
[31371.615782] [ 2001]     0  2001    74267    14417   217088     4314             0 newmem.bash
[31371.617412] [ 2003]     0  2003    74168    14526   229376     4082             0 newmem.bash
[31371.618988] [ 2005]     0  2005    74135    14507   233472     4035             0 newmem.bash
[31371.620575] [ 2007]     0  2007    73871    14443   221184     3893             0 newmem.bash
[31371.622166] [ 2009]     0  2009    73772    14412   225280     3793             0 newmem.bash
[31371.623700] [ 2011]     0  2011    73739    14472   225280     3666             0 newmem.bash
[31371.625251] Out of memory: Killed process 1955 (newmem.bash) total-vm:329804kB, anon-rss:57380kB, file-rss:116kB, shmem-rss:0kB, UID:0
[31382.760510] newmem.bash invoked oom-killer: gfp_mask=0x6200ca(GFP_HIGHUSER_MOVABLE), nodemask=(null), order=0, oom_score_adj=0
[31382.764083] newmem.bash cpuset=/ mems_allowed=0
[31382.766005] CPU: 0 PID: 2009 Comm: newmem.bash Kdump: loaded Tainted: G                 ---------r-  - 4.18.0-193.el8.x86_64 #1
[31383.062649] [ 1957]     0  1957    81923    14848   282624    11506             0 newmem.bash
[31383.064920] [ 1959]     0  1959    81329    15096   282624    10657             0 newmem.bash
[31383.067120] [ 1961]     0  1961    80405    14886   278528     9895             0 newmem.bash
[31383.069203] [ 1963]     0  1963    79910    14931   278528     9377             0 newmem.bash
[31383.071277] [ 1965]     0  1965    79316    14809   262144     8894             0 newmem.bash
[31383.073325] [ 1967]     0  1967    78953    14800   258048     8570             0 newmem.bash
[31383.075358] [ 1969]     0  1969    78623    14898   249856     8145             0 newmem.bash
[31383.077337] [ 1971]     0  1971    78425    15013   258048     7818             0 newmem.bash
[31383.079291] [ 1973]     0  1973    78293    15029   249856     7697             0 newmem.bash
[31383.081258] [ 1975]     0  1975    77534    14709   249856     7231             0 newmem.bash
[31383.083160] [ 1977]     0  1977    77633    14948   253952     7062             0 newmem.bash
[31383.085042] [ 1979]     0  1979    77402    14918   245760     6851             0 newmem.bash
[31383.086942] [ 1981]     0  1981    77237    14987   245760     6697             0 newmem.bash
[31383.088797] [ 1983]     0  1983    76775    14941   237568     6279             0 newmem.bash
[31383.090635] [ 1985]     0  1985    76676    14949   249856     6130             0 newmem.bash
[31383.092458] [ 1987]     0  1987    76577    15001   249856     5976             0 newmem.bash
[31383.094244] [ 1989]     0  1989    76313    15000   245760     5738             0 newmem.bash
[31383.096019] [ 1991]     0  1991    76016    14831   241664     5557             0 newmem.bash
[31383.097741] [ 1993]     0  1993    75917    14952   237568     5397             0 newmem.bash
[31383.099478] [ 1995]     0  1995    75653    14931   245760     5117             0 newmem.bash
[31383.101196] [ 1997]     0  1997    75620    15073   237568     4957             0 newmem.bash
[31383.102890] [ 1999]     0  1999    75158    14728   237568     4838             0 newmem.bash
[31383.104532] [ 2001]     0  2001    75224    14880   225280     4755             0 newmem.bash
[31383.106185] [ 2003]     0  2003    75092    15049   233472     4463             0 newmem.bash
[31383.107805] [ 2005]     0  2005    75059    14968   237568     4487             0 newmem.bash
[31383.109387] [ 2007]     0  2007    74795    14925   229376     4321             0 newmem.bash
[31383.111030] [ 2009]     0  2009    74696    14877   229376     4250             0 newmem.bash
[31383.112603] [ 2011]     0  2011    74630    14922   233472     4104             0 newmem.bash
[31383.114161] Out of memory: Killed process 1957 (newmem.bash) total-vm:327692kB, anon-rss:59388kB, file-rss:4kB, shmem-rss:0kB, UID:0
[31383.611992] oom_reaper: reaped process 1957 (newmem.bash), now anon-rss:0kB, file-rss:0kB, shmem-rss:0kB
[31393.158488] newmem.bash invoked oom-killer: gfp_mask=0x6280ca(GFP_HIGHUSER_MOVABLE|__GFP_ZERO), nodemask=(null), order=0, oom_score_adj=0
[31393.162589] newmem.bash cpuset=/ mems_allowed=0
[31393.164837] CPU: 0 PID: 2007 Comm: newmem.bash Kdump: loaded Tainted: G                 ---------r-  - 4.18.0-193.el8.x86_64 #1
[31393.464723] [ 1959]     0  1959    82121    15455   290816    11068             0 newmem.bash
[31393.466988] [ 1961]     0  1961    81428    15580   286720    10298             0 newmem.bash
[31393.469142] [ 1963]     0  1963    80735    15407   282624     9790             0 newmem.bash
[31393.471217] [ 1965]     0  1965    80306    15405   270336     9329             0 newmem.bash
[31393.473273] [ 1967]     0  1967    79844    15286   266240     8974             0 newmem.bash
[31393.475301] [ 1969]     0  1969    79514    15396   258048     8557             0 newmem.bash
[31393.477337] [ 1971]     0  1971    79184    15394   266240     8229             0 newmem.bash
[31393.479308] [ 1973]     0  1973    79250    15553   258048     8123             0 newmem.bash
[31393.481249] [ 1975]     0  1975    78392    15188   258048     7641             0 newmem.bash
[31393.483173] [ 1977]     0  1977    78491    15438   262144     7472             0 newmem.bash
[31393.485079] [ 1979]     0  1979    78359    15526   253952     7265             0 newmem.bash
[31393.486975] [ 1981]     0  1981    78227    15527   253952     7106             0 newmem.bash
[31393.488810] [ 1983]     0  1983    77567    15297   245760     6687             0 newmem.bash
[31393.490650] [ 1985]     0  1985    77600    15503   258048     6543             0 newmem.bash
[31393.492510] [ 1987]     0  1987    77369    15364   253952     6414             0 newmem.bash
[31393.494315] [ 1989]     0  1989    77336    15640   253952     6150             0 newmem.bash
[31393.496105] [ 1991]     0  1991    76808    15293   245760     5968             0 newmem.bash
[31393.497865] [ 1993]     0  1993    76874    15490   245760     5806             0 newmem.bash
[31393.499574] [ 1995]     0  1995    76643    15515   253952     5525             0 newmem.bash
[31393.501300] [ 1997]     0  1997    76610    15684   245760     5381             0 newmem.bash
[31393.503012] [ 1999]     0  1999    76181    15338   245760     5249             0 newmem.bash
[31393.504707] [ 2001]     0  2001    76247    15493   233472     5196             0 newmem.bash
[31393.506386] [ 2003]     0  2003    75884    15404   241664     4872             0 newmem.bash
[31393.508018] [ 2005]     0  2005    76049    15617   245760     4895             0 newmem.bash
[31393.509613] [ 2007]     0  2007    75455    15162   233472     4734             0 newmem.bash
[31393.511225] [ 2009]     0  2009    75686    15447   237568     4657             0 newmem.bash
[31393.512799] [ 2011]     0  2011    75554    15437   241664     4503             0 newmem.bash
[31393.514387] Out of memory: Killed process 1959 (newmem.bash) total-vm:328484kB, anon-rss:61736kB, file-rss:84kB, shmem-rss:0kB, UID:0
[31393.940854] oom_reaper: reaped process 1959 (newmem.bash), now anon-rss:0kB, file-rss:0kB, shmem-rss:0kB
[31405.526260] newmem.bash invoked oom-killer: gfp_mask=0x6200ca(GFP_HIGHUSER_MOVABLE), nodemask=(null), order=0, oom_score_adj=0
[31405.530349] newmem.bash cpuset=/ mems_allowed=0
[31405.532476] CPU: 0 PID: 1961 Comm: newmem.bash Kdump: loaded Tainted: G                 ---------r-  - 4.18.0-193.el8.x86_64 #1
[31405.834411] [ 1961]     0  1961    82484    16213   294912    10706             0 newmem.bash
[31405.836638] [ 1963]     0  1963    81824    16059   290816    10190             0 newmem.bash
[31405.838814] [ 1965]     0  1965    81362    16060   278528     9735             0 newmem.bash
[31405.840881] [ 1967]     0  1967    80900    15937   274432     9386             0 newmem.bash
[31405.842933] [ 1969]     0  1969    80570    16056   266240     8967             0 newmem.bash
[31405.844956] [ 1971]     0  1971    80240    16053   274432     8639             0 newmem.bash
[31405.846958] [ 1973]     0  1973    80339    16206   266240     8535             0 newmem.bash
[31405.848932] [ 1975]     0  1975    79448    15826   266240     8051             0 newmem.bash
[31405.850922] [ 1977]     0  1977    79613    16127   270336     7890             0 newmem.bash
[31405.852866] [ 1979]     0  1979    79415    16148   262144     7680             0 newmem.bash
[31405.854786] [ 1981]     0  1981    79283    16191   262144     7517             0 newmem.bash
[31405.856680] [ 1983]     0  1983    78623    15967   253952     7096             0 newmem.bash
[31405.858554] [ 1985]     0  1985    78689    16144   266240     6958             0 newmem.bash
[31405.860406] [ 1987]     0  1987    78425    16056   262144     6786             0 newmem.bash
[31405.862209] [ 1989]     0  1989    78458    16320   262144     6536             0 newmem.bash
[31405.863992] [ 1991]     0  1991    77897    15969   253952     6379             0 newmem.bash
[31405.865792] [ 1993]     0  1993    77930    16159   253952     6213             0 newmem.bash
[31405.867564] [ 1995]     0  1995    77699    16244   262144     5910             0 newmem.bash
[31405.869313] [ 1997]     0  1997    77666    16355   253952     5765             0 newmem.bash
[31405.871031] [ 1999]     0  1999    77237    16032   253952     5640             0 newmem.bash
[31405.872727] [ 2001]     0  2001    77336    16174   241664     5592             0 newmem.bash
[31405.874441] [ 2003]     0  2003    76940    16106   249856     5279             0 newmem.bash
[31405.876110] [ 2005]     0  2005    77138    16261   253952     5307             0 newmem.bash
[31405.877735] [ 2007]     0  2007    76511    15842   245760     5118             0 newmem.bash
[31405.879373] [ 2009]     0  2009    76676    16050   245760     5050             0 newmem.bash
[31405.881006] [ 2011]     0  2011    76577    16110   249856     4915             0 newmem.bash
[31405.882589] Out of memory: Killed process 1961 (newmem.bash) total-vm:329936kB, anon-rss:64852kB, file-rss:0kB, shmem-rss:0kB, UID:0
[31406.085604] oom_reaper: reaped process 1961 (newmem.bash), now anon-rss:0kB, file-rss:0kB, shmem-rss:0kB
[31417.600936] newmem.bash invoked oom-killer: gfp_mask=0x6200ca(GFP_HIGHUSER_MOVABLE), nodemask=(null), order=0, oom_score_adj=0
[31417.605188] newmem.bash cpuset=/ mems_allowed=0
[31417.607326] CPU: 0 PID: 1977 Comm: newmem.bash Kdump: loaded Tainted: G                 ---------r-  - 4.18.0-193.el8.x86_64 #1
[31417.907377] [ 1963]     0  1963    82880    16701   303104    10628             0 newmem.bash
[31417.909594] [ 1965]     0  1965    82418    16665   286720    10176             0 newmem.bash
[31417.911789] [ 1967]     0  1967    81989    16623   282624     9792             0 newmem.bash
[31417.913880] [ 1969]     0  1969    81692    16727   274432     9409             0 newmem.bash
[31417.915921] [ 1971]     0  1971    81329    16690   282624     9076             0 newmem.bash
[31417.917933] [ 1973]     0  1973    81428    16879   274432     8994             0 newmem.bash
[31417.919926] [ 1975]     0  1975    80504    16474   274432     8469             0 newmem.bash
[31417.921888] [ 1977]     0  1977    80669    16785   278528     8336             0 newmem.bash
[31417.923821] [ 1979]     0  1979    80471    16805   270336     8110             0 newmem.bash
[31417.925739] [ 1981]     0  1981    80372    16863   274432     7957             0 newmem.bash
[31417.927627] [ 1983]     0  1983    79712    16612   262144     7536             0 newmem.bash
[31417.929510] [ 1985]     0  1985    79745    16796   274432     7397             0 newmem.bash
[31417.931353] [ 1987]     0  1987    79481    16691   270336     7227             0 newmem.bash
[31417.933202] [ 1989]     0  1989    79514    17006   274432     6948             0 newmem.bash
[31417.935035] [ 1991]     0  1991    79019    16634   262144     6820             0 newmem.bash
[31417.936868] [ 1993]     0  1993    79052    16830   262144     6651             0 newmem.bash
[31417.938665] [ 1995]     0  1995    78821    16941   270336     6321             0 newmem.bash
[31417.940445] [ 1997]     0  1997    78755    16988   262144     6206             0 newmem.bash
[31417.942214] [ 1999]     0  1999    78293    16668   262144     6078             0 newmem.bash
[31417.943916] [ 2001]     0  2001    78425    16830   249856     6033             0 newmem.bash
[31417.945652] [ 2003]     0  2003    78062    16758   258048     5722             0 newmem.bash
[31417.947371] [ 2005]     0  2005    78260    16953   266240     5749             0 newmem.bash
[31417.949041] [ 2007]     0  2007    77567    16439   253952     5565             0 newmem.bash
[31417.950669] [ 2009]     0  2009    77699    16673   253952     5477             0 newmem.bash
[31417.952304] [ 2011]     0  2011    77699    16791   258048     5360             0 newmem.bash
[31417.953905] Out of memory: Killed process 1963 (newmem.bash) total-vm:331520kB, anon-rss:66804kB, file-rss:0kB, shmem-rss:0kB, UID:0
[31431.283150] newmem.bash invoked oom-killer: gfp_mask=0x6200ca(GFP_HIGHUSER_MOVABLE), nodemask=(null), order=0, oom_score_adj=0
[31431.286891] newmem.bash cpuset=/ mems_allowed=0
[31431.288834] CPU: 0 PID: 1995 Comm: newmem.bash Kdump: loaded Tainted: G                 ---------r-  - 4.18.0-193.el8.x86_64 #1
[31431.598687] [ 1965]     0  1965    83903    17678   299008    10625             0 newmem.bash
[31431.600924] [ 1967]     0  1967    83441    17649   294912    10229             0 newmem.bash
[31431.603105] [ 1969]     0  1969    82286    16848   278528     9866             0 newmem.bash
[31431.605182] [ 1971]     0  1971    82187    17107   290816     9499             0 newmem.bash
[31431.607243] [ 1973]     0  1973    82880    17841   286720     9447             0 newmem.bash
[31431.609267] [ 1975]     0  1975    81329    16901   282624     8847             0 newmem.bash
[31431.611270] [ 1977]     0  1977    82253    17861   290816     8798             0 newmem.bash
[31431.613251] [ 1979]     0  1979    81098    16941   274432     8561             0 newmem.bash
[31431.615203] [ 1981]     0  1981    81857    17861   286720     8414             0 newmem.bash
[31431.617146] [ 1983]     0  1983    81164    17622   274432     7983             0 newmem.bash
[31431.619072] [ 1985]     0  1985    80372    16917   278528     7856             0 newmem.bash
[31431.621009] [ 1987]     0  1987    80075    16821   278528     7677             0 newmem.bash
[31431.622872] [ 1989]     0  1989    80108    17122   278528     7398             0 newmem.bash
[31431.624735] [ 1991]     0  1991    79679    16826   270336     7261             0 newmem.bash
[31431.626568] [ 1993]     0  1993    80504    17815   274432     7099             0 newmem.bash
[31431.628412] [ 1995]     0  1995    79448    17122   278528     6752             0 newmem.bash
[31431.630210] [ 1997]     0  1997    79316    17055   266240     6686             0 newmem.bash
[31431.632019] [ 1999]     0  1999    78887    16802   266240     6509             0 newmem.bash
[31431.633802] [ 2001]     0  2001    79052    16986   253952     6493             0 newmem.bash
[31431.635571] [ 2003]     0  2003    79283    17538   270336     6169             0 newmem.bash
[31431.637347] [ 2005]     0  2005    79514    17734   274432     6199             0 newmem.bash
[31431.639063] [ 2007]     0  2007    78128    16552   258048     6019             0 newmem.bash
[31431.640900] [ 2009]     0  2009    79151    17656   266240     5909             0 newmem.bash
[31431.642593] [ 2011]     0  2011    78293    16890   262144     5813             0 newmem.bash
[31431.644278] Out of memory: Killed process 1965 (newmem.bash) total-vm:335612kB, anon-rss:70712kB, file-rss:0kB, shmem-rss:0kB, UID:0
[31431.753207] oom_reaper: reaped process 1965 (newmem.bash), now anon-rss:0kB, file-rss:0kB, shmem-rss:0kB
[31442.788303] newmem.bash invoked oom-killer: gfp_mask=0x6200ca(GFP_HIGHUSER_MOVABLE), nodemask=(null), order=0, oom_score_adj=0
[31442.792673] newmem.bash cpuset=/ mems_allowed=0
[31442.794994] CPU: 0 PID: 1997 Comm: newmem.bash Kdump: loaded Tainted: G                 ---------r-  - 4.18.0-193.el8.x86_64 #1
[31443.107103] [ 1967]     0  1967    84695    18387   303104    10719             0 newmem.bash
[31443.109334] [ 1969]     0  1969    83540    17616   290816    10359             0 newmem.bash
[31443.111526] [ 1971]     0  1971    83408    17912   299008     9921             0 newmem.bash
[31443.113619] [ 1973]     0  1973    84101    18601   294912     9905             0 newmem.bash
[31443.115693] [ 1975]     0  1975    82583    17640   290816     9330             0 newmem.bash
[31443.117750] [ 1977]     0  1977    83474    18697   299008     9283             0 newmem.bash
[31443.119757] [ 1979]     0  1979    82286    17679   286720     9045             0 newmem.bash
[31443.121726] [ 1981]     0  1981    83078    18643   294912     8860             0 newmem.bash
[31443.123687] [ 1983]     0  1983    82385    18363   282624     8468             0 newmem.bash
[31443.125636] [ 1985]     0  1985    81593    17680   286720     8342             0 newmem.bash
[31443.127585] [ 1987]     0  1987    81296    17596   286720     8128             0 newmem.bash
[31443.129516] [ 1989]     0  1989    81329    17895   286720     7852             0 newmem.bash
[31443.131406] [ 1991]     0  1991    80933    17639   278528     7710             0 newmem.bash
[31443.133245] [ 1993]     0  1993    81725    18585   282624     7543             0 newmem.bash
[31443.135102] [ 1995]     0  1995    80702    17858   286720     7235             0 newmem.bash
[31443.136949] [ 1997]     0  1997    80570    17837   278528     7171             0 newmem.bash
[31443.138780] [ 1999]     0  1999    80108    17581   274432     6957             0 newmem.bash
[31443.140591] [ 2001]     0  2001    80306    17798   266240     6957             0 newmem.bash
[31443.142400] [ 2003]     0  2003    80504    18302   278528     6652             0 newmem.bash
[31443.144158] [ 2005]     0  2005    80735    18479   282624     6682             0 newmem.bash
[31443.145895] [ 2007]     0  2007    79382    17327   266240     6470             0 newmem.bash
[31443.147646] [ 2009]     0  2009    80372    18449   278528     6335             0 newmem.bash
[31443.149375] [ 2011]     0  2011    79514    17684   274432     6244             0 newmem.bash
[31443.151071] Out of memory: Killed process 1967 (newmem.bash) total-vm:338780kB, anon-rss:73548kB, file-rss:0kB, shmem-rss:0kB, UID:0
[31449.521334] oom_reaper: reaped process 1967 (newmem.bash), now anon-rss:0kB, file-rss:0kB, shmem-rss:0kB
[31461.414448] newmem.bash invoked oom-killer: gfp_mask=0x6280ca(GFP_HIGHUSER_MOVABLE|__GFP_ZERO), nodemask=(null), order=0, oom_score_adj=0
[31461.418772] newmem.bash cpuset=/ mems_allowed=0
[31461.420992] CPU: 0 PID: 1987 Comm: newmem.bash Kdump: loaded Tainted: G                 ---------r-  - 4.18.0-193.el8.x86_64 #1
[31461.743633] [ 1969]     0  1969    84959    18697   299008    10828             0 newmem.bash
[31461.745878] [ 1971]     0  1971    84794    18926   311296    10421             0 newmem.bash
[31461.748061] [ 1973]     0  1973    85520    19563   307200    10405             0 newmem.bash
[31461.750150] [ 1975]     0  1975    84035    18773   303104     9796             0 newmem.bash
[31461.752241] [ 1977]     0  1977    84860    19512   311296     9785             0 newmem.bash
[31461.754279] [ 1979]     0  1979    83672    18547   294912     9543             0 newmem.bash
[31461.756306] [ 1981]     0  1981    84431    19521   307200     9329             0 newmem.bash
[31461.758328] [ 1983]     0  1983    83771    19257   294912     8937             0 newmem.bash
[31461.760325] [ 1985]     0  1985    82979    18541   299008     8844             0 newmem.bash
[31461.762279] [ 1987]     0  1987    82649    18445   299008     8628             0 newmem.bash
[31461.764204] [ 1989]     0  1989    82715    18931   299008     8353             0 newmem.bash
[31461.766088] [ 1991]     0  1991    82286    18604   290816     8210             0 newmem.bash
[31461.767978] [ 1993]     0  1993    83111    19500   294912     8025             0 newmem.bash
[31461.769844] [ 1995]     0  1995    82088    19070   299008     7708             0 newmem.bash
[31461.771722] [ 1997]     0  1997    81989    19061   286720     7640             0 newmem.bash
[31461.773595] [ 1999]     0  1999    81494    18475   286720     7452             0 newmem.bash
[31461.775416] [ 2001]     0  2001    81725    18691   278528     7456             0 newmem.bash
[31461.777205] [ 2003]     0  2003    81890    19357   290816     7124             0 newmem.bash
[31461.778987] [ 2005]     0  2005    82154    19588   294912     7152             0 newmem.bash
[31461.780753] [ 2007]     0  2007    80801    18305   278528     6952             0 newmem.bash
[31461.782520] [ 2009]     0  2009    81890    19695   290816     6832             0 newmem.bash
[31461.784261] [ 2011]     0  2011    80933    18648   282624     6712             0 newmem.bash
[31461.785953] Out of memory: Killed process 1973 (newmem.bash) total-vm:342080kB, anon-rss:78044kB, file-rss:208kB, shmem-rss:0kB, UID:0
[31463.219076] oom_reaper: reaped process 1973 (newmem.bash), now anon-rss:0kB, file-rss:0kB, shmem-rss:0kB
[31475.268840] newmem.bash invoked oom-killer: gfp_mask=0x6200ca(GFP_HIGHUSER_MOVABLE), nodemask=(null), order=0, oom_score_adj=0
[31475.277713] newmem.bash cpuset=/ mems_allowed=0
[31475.282424] CPU: 0 PID: 2007 Comm: newmem.bash Kdump: loaded Tainted: G                 ---------r-  - 4.18.0-193.el8.x86_64 #1
[31475.597833] [ 1969]     0  1969    86411    19503   311296    11330             0 newmem.bash
[31475.600064] [ 1971]     0  1971    86279    19744   323584    10920             0 newmem.bash
[31475.602232] [ 1975]     0  1975    85553    19638   315392    10301             0 newmem.bash
[31475.604302] [ 1977]     0  1977    86312    20470   323584    10286             0 newmem.bash
[31475.606359] [ 1979]     0  1979    84992    19368   307200    10045             0 newmem.bash
[31475.608382] [ 1981]     0  1981    85685    20285   315392     9827             0 newmem.bash
[31475.610423] [ 1983]     0  1983    85091    20084   303104     9437             0 newmem.bash
[31475.612409] [ 1985]     0  1985    84398    19507   311296     9317             0 newmem.bash
[31475.614369] [ 1987]     0  1987    84167    19472   311296     9129             0 newmem.bash
[31475.616308] [ 1989]     0  1989    84200    19795   311296     8824             0 newmem.bash
[31475.618223] [ 1991]     0  1991    83672    19372   303104     8679             0 newmem.bash
[31475.620137] [ 1993]     0  1993    84530    20422   307200     8516             0 newmem.bash
[31475.622015] [ 1995]     0  1995    83573    19787   311296     8212             0 newmem.bash
[31475.623872] [ 1997]     0  1997    83441    19698   299008     8146             0 newmem.bash
[31475.625713] [ 1999]     0  1999    83012    19529   299008     7920             0 newmem.bash
[31475.627528] [ 2001]     0  2001    83177    19647   286720     7945             0 newmem.bash
[31475.629392] [ 2003]     0  2003    83408    20153   303104     7642             0 newmem.bash
[31475.631230] [ 2005]     0  2005    83573    20336   307200     7657             0 newmem.bash
[31475.633008] [ 2007]     0  2007    82253    19240   290816     7451             0 newmem.bash
[31475.634759] [ 2009]     0  2009    83276    20380   299008     7327             0 newmem.bash
[31475.636542] [ 2011]     0  2011    82385    19592   294912     7218             0 newmem.bash
[31475.638318] Out of memory: Killed process 1969 (newmem.bash) total-vm:345644kB, anon-rss:78012kB, file-rss:0kB, shmem-rss:0kB, UID:0
[31476.852522] oom_reaper: reaped process 1969 (newmem.bash), now anon-rss:0kB, file-rss:0kB, shmem-rss:0kB
[31489.814443] newmem.bash invoked oom-killer: gfp_mask=0x6200ca(GFP_HIGHUSER_MOVABLE), nodemask=(null), order=0, oom_score_adj=0
[31489.818804] newmem.bash cpuset=/ mems_allowed=0
[31489.821105] CPU: 0 PID: 1995 Comm: newmem.bash Kdump: loaded Tainted: G                 ---------r-  - 4.18.0-193.el8.x86_64 #1
[31490.141532] [ 1971]     0  1971    87797    20705   335872    11493             0 newmem.bash
[31490.143777] [ 1975]     0  1975    86972    20491   327680    10890             0 newmem.bash
[31490.145948] [ 1977]     0  1977    87962    21539   335872    10843             0 newmem.bash
[31490.148040] [ 1979]     0  1979    86675    20545   319488    10576             0 newmem.bash
[31490.150125] [ 1981]     0  1981    87401    21435   331776    10387             0 newmem.bash
[31490.152211] [ 1983]     0  1983    86510    20934   315392     9996             0 newmem.bash
[31490.154229] [ 1985]     0  1985    85883    20407   323584     9907             0 newmem.bash
[31490.156220] [ 1987]     0  1987    85883    20594   323584     9712             0 newmem.bash
[31490.158163] [ 1989]     0  1989    85883    20927   323584     9390             0 newmem.bash
[31490.160095] [ 1991]     0  1991    85190    20340   315392     9259             0 newmem.bash
[31490.162001] [ 1993]     0  1993    85982    21325   315392     9103             0 newmem.bash
[31490.163883] [ 1995]     0  1995    84992    20636   319488     8775             0 newmem.bash
[31490.165753] [ 1997]     0  1997    85190    20902   315392     8711             0 newmem.bash
[31490.167598] [ 1999]     0  1999    84662    20572   311296     8506             0 newmem.bash
[31490.169439] [ 2001]     0  2001    84893    20783   303104     8531             0 newmem.bash
[31490.171250] [ 2003]     0  2003    85058    21271   315392     8198             0 newmem.bash
[31490.173033] [ 2005]     0  2005    85322    21500   319488     8224             0 newmem.bash
[31490.174831] [ 2007]     0  2007    83969    20370   303104     8012             0 newmem.bash
[31490.176602] [ 2009]     0  2009    84794    21321   311296     7880             0 newmem.bash
[31490.178360] [ 2011]     0  2011    83837    20496   307200     7776             0 newmem.bash
[31490.180129] Out of memory: Killed process 1977 (newmem.bash) total-vm:351848kB, anon-rss:86156kB, file-rss:0kB, shmem-rss:0kB, UID:0
[31491.107038] oom_reaper: reaped process 1977 (newmem.bash), now anon-rss:0kB, file-rss:0kB, shmem-rss:0kB
[31504.431520] newmem.bash invoked oom-killer: gfp_mask=0x6200ca(GFP_HIGHUSER_MOVABLE), nodemask=(null), order=0, oom_score_adj=0
[31504.435977] newmem.bash cpuset=/ mems_allowed=0
[31504.438251] CPU: 0 PID: 1985 Comm: newmem.bash Kdump: loaded Tainted: G                 ---------r-  - 4.18.0-193.el8.x86_64 #1
[31504.751044] [ 1971]     0  1971    89546    21868   348160    12109             0 newmem.bash
[31504.753285] [ 1975]     0  1975    88721    21666   339968    11439             0 newmem.bash
[31504.755455] [ 1979]     0  1979    88457    21689   335872    11152             0 newmem.bash
[31504.757533] [ 1981]     0  1981    89150    22547   344064    11006             0 newmem.bash
[31504.759613] [ 1983]     0  1983    88259    22106   327680    10554             0 newmem.bash
[31504.761716] [ 1985]     0  1985    87665    21689   335872    10423             0 newmem.bash
[31504.763750] [ 1987]     0  1987    87632    21776   335872    10277             0 newmem.bash
[31504.765743] [ 1989]     0  1989    87665    22136   335872     9954             0 newmem.bash
[31504.767701] [ 1991]     0  1991    87005    21581   327680     9840             0 newmem.bash
[31504.769646] [ 1993]     0  1993    87698    22458   331776     9666             0 newmem.bash
[31504.771575] [ 1995]     0  1995    86675    21773   335872     9338             0 newmem.bash
[31504.773488] [ 1997]     0  1997    86972    21992   327680     9347             0 newmem.bash
[31504.775370] [ 1999]     0  1999    86444    21768   327680     9067             0 newmem.bash
[31504.777206] [ 2001]     0  2001    86576    21898   315392     9078             0 newmem.bash
[31504.779040] [ 2003]     0  2003    86840    22500   327680     8780             0 newmem.bash
[31504.780934] [ 2005]     0  2005    87104    22739   335872     8807             0 newmem.bash
[31504.782742] [ 2007]     0  2007    85652    21493   315392     8587             0 newmem.bash
[31504.784514] [ 2009]     0  2009    86510    22491   327680     8430             0 newmem.bash
[31504.786291] [ 2011]     0  2011    85652    21690   323584     8359             0 newmem.bash
[31504.788048] Out of memory: Killed process 1971 (newmem.bash) total-vm:358184kB, anon-rss:87468kB, file-rss:4kB, shmem-rss:0kB, UID:0
[31505.544541] oom_reaper: reaped process 1971 (newmem.bash), now anon-rss:0kB, file-rss:0kB, shmem-rss:0kB
[31519.027079] newmem.bash invoked oom-killer: gfp_mask=0x6280ca(GFP_HIGHUSER_MOVABLE|__GFP_ZERO), nodemask=(null), order=0, oom_score_adj=0
[31519.031538] newmem.bash cpuset=/ mems_allowed=0
[31519.033820] CPU: 0 PID: 1993 Comm: newmem.bash Kdump: loaded Tainted: G                 ---------r-  - 4.18.0-193.el8.x86_64 #1
[31519.327898] [ 1975]     0  1975    90569    22862   356352    12101             0 newmem.bash
[31519.330124] [ 1979]     0  1979    90305    22921   348160    11824             0 newmem.bash
[31519.332289] [ 1981]     0  1981    90998    23714   360448    11681             0 newmem.bash
[31519.334391] [ 1983]     0  1983    90074    23268   344064    11232             0 newmem.bash
[31519.336444] [ 1985]     0  1985    89612    22899   352256    11134             0 newmem.bash
[31519.338469] [ 1987]     0  1987    89513    23074   352256    10932             0 newmem.bash
[31519.340486] [ 1989]     0  1989    89513    23293   352256    10661             0 newmem.bash
[31519.342525] [ 1991]     0  1991    88886    22825   344064    10499             0 newmem.bash
[31519.344483] [ 1993]     0  1993    89579    23653   344064    10342             0 newmem.bash
[31519.346416] [ 1995]     0  1995    88523    22936   348160    10005             0 newmem.bash
[31519.348317] [ 1997]     0  1997    88787    23159   344064    10052             0 newmem.bash
[31519.350199] [ 1999]     0  1999    88259    22981   339968     9729             0 newmem.bash
[31519.352064] [ 2001]     0  2001    88424    23117   331776     9708             0 newmem.bash
[31519.353913] [ 2003]     0  2003    88754    23731   344064     9459             0 newmem.bash
[31519.355729] [ 2005]     0  2005    88952    23903   348160     9484             0 newmem.bash
[31519.357562] [ 2007]     0  2007    87533    22703   331776     9259             0 newmem.bash
[31519.359380] [ 2009]     0  2009    88358    23672   339968     9099             0 newmem.bash
[31519.361167] [ 2011]     0  2011    87434    22812   335872     9033             0 newmem.bash
[31519.362934] Out of memory: Killed process 1981 (newmem.bash) total-vm:363992kB, anon-rss:94856kB, file-rss:0kB, shmem-rss:0kB, UID:0
[31520.812546] oom_reaper: reaped process 1981 (newmem.bash), now anon-rss:0kB, file-rss:0kB, shmem-rss:0kB
[31534.854034] newmem.bash invoked oom-killer: gfp_mask=0x6280ca(GFP_HIGHUSER_MOVABLE|__GFP_ZERO), nodemask=(null), order=0, oom_score_adj=0
[31534.858433] newmem.bash cpuset=/ mems_allowed=0
[31534.860724] CPU: 0 PID: 1991 Comm: newmem.bash Kdump: loaded Tainted: G                 ---------r-  - 4.18.0-193.el8.x86_64 #1
[31535.174516] [ 1975]     0  1975    92714    24495   376832    12721             0 newmem.bash
[31535.176771] [ 1979]     0  1979    92483    24483   364544    12477             0 newmem.bash
[31535.178942] [ 1983]     0  1983    92219    24837   360448    11901             0 newmem.bash
[31535.181084] [ 1985]     0  1985    91658    24361   368640    11840             0 newmem.bash
[31535.183145] [ 1987]     0  1987    91625    24533   368640    11628             0 newmem.bash
[31535.185164] [ 1989]     0  1989    91691    24849   368640    11348             0 newmem.bash
[31535.187150] [ 1991]     0  1991    90899    24196   360448    11165             0 newmem.bash
[31535.189110] [ 1993]     0  1993    91691    25188   364544    11036             0 newmem.bash
[31535.191036] [ 1995]     0  1995    90536    24288   364544    10714             0 newmem.bash
[31535.192956] [ 1997]     0  1997    90965    24766   360448    10747             0 newmem.bash
[31535.194842] [ 1999]     0  1999    90404    24490   356352    10423             0 newmem.bash
[31535.196706] [ 2001]     0  2001    90569    24747   348160    10386             0 newmem.bash
[31535.198578] [ 2003]     0  2003    90899    25338   360448    10101             0 newmem.bash
[31535.200397] [ 2005]     0  2005    90932    25259   364544    10175             0 newmem.bash
[31535.202225] [ 2007]     0  2007    89480    24009   348160     9967             0 newmem.bash
[31535.204049] [ 2009]     0  2009    90470    25174   356352     9809             0 newmem.bash
[31535.205861] [ 2011]     0  2011    89249    24008   352256     9715             0 newmem.bash
[31535.207660] Out of memory: Killed process 1975 (newmem.bash) total-vm:370856kB, anon-rss:97592kB, file-rss:388kB, shmem-rss:0kB, UID:0
[31540.623948] oom_reaper: reaped process 1975 (newmem.bash), now anon-rss:0kB, file-rss:0kB, shmem-rss:0kB
[31555.263386] newmem.bash invoked oom-killer: gfp_mask=0x6200ca(GFP_HIGHUSER_MOVABLE), nodemask=(null), order=0, oom_score_adj=0
[31555.267910] newmem.bash cpuset=/ mems_allowed=0
[31555.270183] CPU: 0 PID: 1993 Comm: newmem.bash Kdump: loaded Tainted: G                 ---------r-  - 4.18.0-193.el8.x86_64 #1
[31555.579417] [ 1979]     0  1979    94793    25924   385024    13284             0 newmem.bash
[31555.581667] [ 1983]     0  1983    94529    26256   380928    12707             0 newmem.bash
[31555.583865] [ 1985]     0  1985    94001    25767   389120    12628             0 newmem.bash
[31555.585938] [ 1987]     0  1987    94001    25990   389120    12427             0 newmem.bash
[31555.587976] [ 1989]     0  1989    94001    26283   389120    12136             0 newmem.bash
[31555.589966] [ 1991]     0  1991    93209    25620   376832    11966             0 newmem.bash
[31555.591940] [ 1993]     0  1993    94067    26648   380928    11854             0 newmem.bash
[31555.593913] [ 1995]     0  1995    92879    25780   385024    11523             0 newmem.bash
[31555.595846] [ 1997]     0  1997    93308    26124   380928    11577             0 newmem.bash
[31555.597765] [ 1999]     0  1999    92747    25967   376832    11198             0 newmem.bash
[31555.599661] [ 2001]     0  2001    92846    26050   364544    11206             0 newmem.bash
[31555.601552] [ 2003]     0  2003    93176    26693   380928    10892             0 newmem.bash
[31555.603438] [ 2005]     0  2005    93275    26715   385024    10951             0 newmem.bash
[31555.605287] [ 2007]     0  2007    91790    25460   364544    10757             0 newmem.bash
[31555.607104] [ 2009]     0  2009    92780    26548   376832    10632             0 newmem.bash
[31555.608903] [ 2011]     0  2011    91559    25483   368640    10491             0 newmem.bash
[31555.610732] Out of memory: Killed process 1979 (newmem.bash) total-vm:379172kB, anon-rss:103692kB, file-rss:4kB, shmem-rss:0kB, UID:0
[31574.690534] newmem.bash invoked oom-killer: gfp_mask=0x6280ca(GFP_HIGHUSER_MOVABLE|__GFP_ZERO), nodemask=(null), order=0, oom_score_adj=0
[31574.694677] newmem.bash cpuset=/ mems_allowed=0
[31574.696825] CPU: 0 PID: 2005 Comm: newmem.bash Kdump: loaded Tainted: G                 ---------r-  - 4.18.0-193.el8.x86_64 #1
[31575.016347] [ 1983]     0  1983    97136    27983   401408    13586             0 newmem.bash
[31575.018590] [ 1985]     0  1985    96476    27326   405504    13555             0 newmem.bash
[31575.020747] [ 1987]     0  1987    96575    27729   409600    13317             0 newmem.bash
[31575.022869] [ 1989]     0  1989    96608    28053   409600    13011             0 newmem.bash
[31575.024933] [ 1991]     0  1991    95882    27447   397312    12865             0 newmem.bash
[31575.026974] [ 1993]     0  1993    96674    28365   401408    12752             0 newmem.bash
[31575.029011] [ 1995]     0  1995    95519    27523   405504    12414             0 newmem.bash
[31575.030993] [ 1997]     0  1997    95750    27765   397312    12436             0 newmem.bash
[31575.032946] [ 1999]     0  1999    95255    27682   397312    12027             0 newmem.bash
[31575.034874] [ 2001]     0  2001    95387    27904   385024    12093             0 newmem.bash
[31575.036776] [ 2003]     0  2003    95618    28295   401408    11783             0 newmem.bash
[31575.038693] [ 2005]     0  2005    95750    28423   405504    11871             0 newmem.bash
[31575.040583] [ 2007]     0  2007    94397    27235   385024    11640             0 newmem.bash
[31575.042454] [ 2009]     0  2009    95189    28341   397312    11540             0 newmem.bash
[31575.044306] [ 2011]     0  2011    94166    27246   389120    11363             0 newmem.bash
[31575.046138] Out of memory: Killed process 1983 (newmem.bash) total-vm:388544kB, anon-rss:111808kB, file-rss:124kB, shmem-rss:0kB, UID:0
[31575.895277] oom_reaper: reaped process 1983 (newmem.bash), now anon-rss:0kB, file-rss:0kB, shmem-rss:0kB
[31592.595673] [ 1985]     0  1985    99479    29402   430080    14487             0 newmem.bash
[31592.597934] [ 1987]     0  1987    99578    29628   434176    14357             0 newmem.bash
[31592.600082] [ 1989]     0  1989    99545    29981   434176    13975             0 newmem.bash
[31592.602178] [ 1991]     0  1991    98819    29383   421888    13862             0 newmem.bash
[31592.604226] [ 1993]     0  1993    99677    30417   425984    13656             0 newmem.bash
[31592.606243] [ 1995]     0  1995    98456    29519   430080    13367             0 newmem.bash
[31592.608239] [ 1997]     0  1997    98753    29708   421888    13439             0 newmem.bash
[31592.610205] [ 1999]     0  1999    98192    29609   421888    12977             0 newmem.bash
[31592.612134] [ 2001]     0  2001    98357    29740   409600    13062             0 newmem.bash
[31592.614073] [ 2003]     0  2003    98555    30199   421888    12763             0 newmem.bash
[31592.615997] [ 2005]     0  2005    98753    30297   430080    12845             0 newmem.bash
[31592.617903] [ 2007]     0  2007    97334    29221   409600    12521             0 newmem.bash
[31592.619779] [ 2009]     0  2009    98126    30026   417792    12530             0 newmem.bash
[31592.621641] [ 2011]     0  2011    97136    29244   413696    12332             0 newmem.bash
[31592.623491] Out of memory: Killed process 1993 (newmem.bash) total-vm:398708kB, anon-rss:121668kB, file-rss:0kB, shmem-rss:0kB, UID:0
[31592.915362] oom_reaper: reaped process 1993 (newmem.bash), now anon-rss:0kB, file-rss:0kB, shmem-rss:0kB
[31611.085574] [ 1985]     0  1985   102878    31808   458752    15502             0 newmem.bash
[31611.087826] [ 1987]     0  1987   103208    32180   462848    15438             0 newmem.bash
[31611.089974] [ 1989]     0  1989   102944    32338   458752    15036             0 newmem.bash
[31611.092044] [ 1991]     0  1991   101327    30866   442368    14892             0 newmem.bash
[31611.094099] [ 1995]     0  1995   102020    32018   458752    14448             0 newmem.bash
[31611.096122] [ 1997]     0  1997   102152    32045   450560    14514             0 newmem.bash
[31611.098122] [ 1999]     0  1999   101855    32275   450560    13982             0 newmem.bash
[31611.100087] [ 2001]     0  2001   102053    32407   438272    14075             0 newmem.bash
[31611.102039] [ 2003]     0  2003   102185    32785   450560    13847             0 newmem.bash
[31611.104005] [ 2005]     0  2005   102020    32510   454656    13929             0 newmem.bash
[31611.105920] [ 2007]     0  2007   100799    31705   438272    13539             0 newmem.bash
[31611.107826] [ 2009]     0  2009   101690    32572   446464    13559             0 newmem.bash
[31611.109680] [ 2011]     0  2011   100436    31491   442368    13379             0 newmem.bash
[31611.111587] Out of memory: Killed process 1987 (newmem.bash) total-vm:412832kB, anon-rss:128720kB, file-rss:0kB, shmem-rss:0kB, UID:0
[31612.736233] oom_reaper: reaped process 1987 (newmem.bash), now anon-rss:0kB, file-rss:0kB, shmem-rss:0kB
[31632.257496] newmem.bash invoked oom-killer: gfp_mask=0x6280ca(GFP_HIGHUSER_MOVABLE|__GFP_ZERO), nodemask=(null), order=0, oom_score_adj=0
[31632.262160] newmem.bash cpuset=/ mems_allowed=0
[31632.264539] CPU: 0 PID: 1997 Comm: newmem.bash Kdump: loaded Tainted: G                 ---------r-  - 4.18.0-193.el8.x86_64 #1
[31632.575865] [ 1985]     0  1985   106640    34320   487424    16798             0 newmem.bash
[31632.578111] [ 1989]     0  1989   106706    35031   491520    16330             0 newmem.bash
[31632.580256] [ 1991]     0  1991   105056    33456   471040    16181             0 newmem.bash
[31632.582324] [ 1995]     0  1995   105749    34506   487424    15749             0 newmem.bash
[31632.584372] [ 1997]     0  1997   105848    34560   479232    15804             0 newmem.bash
[31632.586383] [ 1999]     0  1999   105584    34957   479232    15269             0 newmem.bash
[31632.588379] [ 2001]     0  2001   105815    35053   471040    15382             0 newmem.bash
[31632.590361] [ 2003]     0  2003   106013    35380   483328    15123             0 newmem.bash
[31632.592311] [ 2005]     0  2005   105815    35263   483328    15148             0 newmem.bash
[31632.594227] [ 2007]     0  2007   104561    34242   466944    14833             0 newmem.bash
[31632.596131] [ 2009]     0  2009   105419    35177   475136    14799             0 newmem.bash
[31632.598015] [ 2011]     0  2011   104198    34012   471040    14669             0 newmem.bash
[31632.599882] Out of memory: Killed process 1989 (newmem.bash) total-vm:426824kB, anon-rss:139276kB, file-rss:848kB, shmem-rss:0kB, UID:0
[31636.736126] oom_reaper: reaped process 1989 (newmem.bash), now anon-rss:0kB, file-rss:0kB, shmem-rss:0kB
[31658.176292] newmem.bash invoked oom-killer: gfp_mask=0x6200ca(GFP_HIGHUSER_MOVABLE), nodemask=(null), order=0, oom_score_adj=0
[31658.181008] newmem.bash cpuset=/ mems_allowed=0
[31658.183420] CPU: 0 PID: 1991 Comm: newmem.bash Kdump: loaded Tainted: G                 ---------r-  - 4.18.0-193.el8.x86_64 #1
[31658.492608] [ 1985]     0  1985   111491    37839   532480    18087             0 newmem.bash
[31658.494824] [ 1991]     0  1991   109874    36758   512000    17530             0 newmem.bash
[31658.496985] [ 1995]     0  1995   110567    37961   524288    17042             0 newmem.bash
[31658.499073] [ 1997]     0  1997   110666    38065   516096    17017             0 newmem.bash
[31658.501152] [ 1999]     0  1999   110468    38373   520192    16525             0 newmem.bash
[31658.503172] [ 2001]     0  2001   110600    38328   507904    16708             0 newmem.bash
[31658.505181] [ 2003]     0  2003   110831    38159   520192    17088             0 newmem.bash
[31658.507160] [ 2005]     0  2005   110699    38039   524288    17113             0 newmem.bash
[31658.509111] [ 2007]     0  2007   109412    37822   507904    16047             0 newmem.bash
[31658.511096] [ 2009]     0  2009   110303    37794   516096    16935             0 newmem.bash
[31658.513025] [ 2011]     0  2011   109016    37497   507904    15956             0 newmem.bash
[31658.514944] Out of memory: Killed process 1985 (newmem.bash) total-vm:445964kB, anon-rss:151356kB, file-rss:0kB, shmem-rss:0kB, UID:0
[31661.619727] oom_reaper: reaped process 1985 (newmem.bash), now anon-rss:0kB, file-rss:0kB, shmem-rss:0kB
