[  561.265099] newmem.bash invoked oom-killer: gfp_mask=0x6280ca(GFP_HIGHUSER_MOVABLE|__GFP_ZERO), nodemask=(null), order=0, oom_score_adj=0
[  561.270277] newmem.bash cpuset=/ mems_allowed=0
[  561.272035] CPU: 0 PID: 1493 Comm: newmem.bash Kdump: loaded Tainted: G                 ---------r-  - 4.18.0-193.el8.x86_64 #1
[  561.553487] [ 1489]     0  1489    84596    22459   311296     6576             0 newmem.bash
[  561.555845] [ 1491]     0  1491    81626    13504   282624    12571             0 newmem.bash
[  561.558206] [ 1493]     0  1493    80273    13448   266240    11216             0 newmem.bash
[  561.560516] [ 1495]     0  1495    79514    13627   274432    10324             0 newmem.bash
[  561.562840] [ 1497]     0  1497    78524    13435   262144     9536             0 newmem.bash
[  561.565072] [ 1499]     0  1499    78029    13553   258048     8967             0 newmem.bash
[  561.567244] [ 1501]     0  1501    77501    13510   241664     8482             0 newmem.bash
[  561.569424] [ 1503]     0  1503    77171    13589   253952     8073             0 newmem.bash
[  561.571559] [ 1505]     0  1505    76775    13461   249856     7718             0 newmem.bash
[  561.573658] [ 1507]     0  1507    76478    13484   245760     7434             0 newmem.bash
[  561.575720] [ 1509]     0  1509    76148    13513   245760     7082             0 newmem.bash
[  561.577777] [ 1511]     0  1511    75785    13428   241664     6745             0 newmem.bash
[  561.579832] [ 1513]     0  1513    75554    13539   233472     6476             0 newmem.bash
[  561.581862] [ 1515]     0  1515    75488    13607   237568     6342             0 newmem.bash
[  561.583868] [ 1517]     0  1517    75158    13497   237568     6097             0 newmem.bash
[  561.585893] [ 1519]     0  1519    74993    13459   225280     5930             0 newmem.bash
[  561.587790] [ 1521]     0  1521    74762    13627   225280     5586             0 newmem.bash
[  561.589696] [ 1523]     0  1523    74564    13513   225280     5513             0 newmem.bash
[  561.591564] [ 1525]     0  1525    74399    13464   229376     5349             0 newmem.bash
[  561.593387] [ 1527]     0  1527    74234    13546   225280     5144             0 newmem.bash
[  561.595184] [ 1529]     0  1529    74003    13409   225280     4993             0 newmem.bash
[  561.596949] [ 1531]     0  1531    73871    13390   225280     4886             0 newmem.bash
[  561.598727] [ 1533]     0  1533    73772    13468   217088     4745             0 newmem.bash
[  561.600483] [ 1535]     0  1535    73640    13489   221184     4594             0 newmem.bash
[  561.602197] [ 1537]     0  1537    73541    13699   217088     4487             0 newmem.bash
[  561.603863] [ 1539]     0  1539    73409    13499   212992     4310             0 newmem.bash
[  561.605527] [ 1541]     0  1541    73178    13372   225280     4240             0 newmem.bash
[  561.607166] [ 1543]     0  1543    73145    13442   221184     4105             0 newmem.bash
[  561.608766] [ 1545]     0  1545    72980    13411   217088     3996             0 newmem.bash
[  561.610373] [ 1547]     0  1547    72980    13518   204800     3907             0 newmem.bash
[  561.613528] Out of memory: Killed process 1489 (newmem.bash) total-vm:338384kB, anon-rss:89716kB, file-rss:120kB, shmem-rss:0kB, UID:0
[  561.806756] oom_reaper: reaped process 1489 (newmem.bash), now anon-rss:0kB, file-rss:0kB, shmem-rss:0kB
[  572.287329] newmem.bash invoked oom-killer: gfp_mask=0x6200ca(GFP_HIGHUSER_MOVABLE), nodemask=(null), order=0, oom_score_adj=0
[  572.292670] newmem.bash cpuset=/ mems_allowed=0
[  572.294555] CPU: 0 PID: 1543 Comm: newmem.bash Kdump: loaded Tainted: G                 ---------r-  - 4.18.0-193.el8.x86_64 #1
[  572.576365] [ 1491]     0  1491    82913    14601   294912    12728             0 newmem.bash
[  572.578718] [ 1493]     0  1493    81230    14269   274432    11362             0 newmem.bash
[  572.581028] [ 1495]     0  1495    80372    14287   278528    10483             0 newmem.bash
[  572.583341] [ 1497]     0  1497    79349    14134   270336     9653             0 newmem.bash
[  572.585669] [ 1499]     0  1499    79151    14474   266240     9120             0 newmem.bash
[  572.587902] [ 1501]     0  1501    78227    14008   249856     8638             0 newmem.bash
[  572.590087] [ 1503]     0  1503    77963    14149   262144     8234             0 newmem.bash
[  572.592251] [ 1505]     0  1505    77567    14118   258048     7863             0 newmem.bash
[  572.594346] [ 1507]     0  1507    77204    14101   249856     7558             0 newmem.bash
[  572.596446] [ 1509]     0  1509    76874    14073   249856     7205             0 newmem.bash
[  572.598498] [ 1511]     0  1511    76973    14516   249856     6901             0 newmem.bash
[  572.600535] [ 1513]     0  1513    76280    14064   237568     6628             0 newmem.bash
[  572.602552] [ 1515]     0  1515    76775    14723   245760     6492             0 newmem.bash
[  572.604560] [ 1517]     0  1517    75917    14106   241664     6254             0 newmem.bash
[  572.606545] [ 1519]     0  1519    76247    14598   233472     6065             0 newmem.bash
[  572.608527] [ 1521]     0  1521    75488    14154   229376     5731             0 newmem.bash
[  572.610437] [ 1523]     0  1523    75488    14265   229376     5633             0 newmem.bash
[  572.612319] [ 1525]     0  1525    75422    14337   237568     5494             0 newmem.bash
[  572.614174] [ 1527]     0  1527    74927    14070   229376     5295             0 newmem.bash
[  572.615988] [ 1529]     0  1529    74729    13996   229376     5147             0 newmem.bash
[  572.617801] [ 1531]     0  1531    74696    14060   229376     5036             0 newmem.bash
[  572.619590] [ 1533]     0  1533    74564    14062   225280     4904             0 newmem.bash
[  572.621347] [ 1535]     0  1535    74432    14172   229376     4721             0 newmem.bash
[  572.623093] [ 1537]     0  1537    74366    14187   225280     4637             0 newmem.bash
[  572.624790] [ 1539]     0  1539    74531    14493   221184     4468             0 newmem.bash
[  572.626519] [ 1541]     0  1541    74465    14497   233472     4387             0 newmem.bash
[  572.628175] [ 1543]     0  1543    73871    14045   229376     4260             0 newmem.bash
[  572.629809] [ 1545]     0  1545    73805    14079   221184     4144             0 newmem.bash
[  572.631397] [ 1547]     0  1547    74300    14686   212992     4027             0 newmem.bash
[  572.634590] Out of memory: Killed process 1491 (newmem.bash) total-vm:331652kB, anon-rss:58340kB, file-rss:64kB, shmem-rss:0kB, UID:0
[  583.597876] newmem.bash invoked oom-killer: gfp_mask=0x6200ca(GFP_HIGHUSER_MOVABLE), nodemask=(null), order=0, oom_score_adj=0
[  583.610010] newmem.bash cpuset=/ mems_allowed=0
[  583.614056] CPU: 0 PID: 1507 Comm: newmem.bash Kdump: loaded Tainted: G                 ---------r-  - 4.18.0-193.el8.x86_64 #1
[  583.906866] [ 1493]     0  1493    82022    14684   278528    11751             0 newmem.bash
[  583.909202] [ 1495]     0  1495    81362    14893   286720    10877             0 newmem.bash
[  583.911561] [ 1497]     0  1497    80273    14685   278528    10030             0 newmem.bash
[  583.913874] [ 1499]     0  1499    80141    15029   274432     9501             0 newmem.bash
[  583.916224] [ 1501]     0  1501    79217    14640   258048     9004             0 newmem.bash
[  583.918481] [ 1503]     0  1503    78953    14702   266240     8621             0 newmem.bash
[  583.920644] [ 1505]     0  1505    78524    14682   266240     8230             0 newmem.bash
[  583.922793] [ 1507]     0  1507    78128    14577   258048     7945             0 newmem.bash
[  583.924905] [ 1509]     0  1509    77831    14688   258048     7590             0 newmem.bash
[  583.927013] [ 1511]     0  1511    77963    15124   258048     7271             0 newmem.bash
[  583.929062] [ 1513]     0  1513    77237    14673   245760     7005             0 newmem.bash
[  583.931107] [ 1515]     0  1515    77732    15275   253952     6880             0 newmem.bash
[  583.933139] [ 1517]     0  1517    76907    14655   249856     6624             0 newmem.bash
[  583.935191] [ 1519]     0  1519    77237    15247   241664     6416             0 newmem.bash
[  583.937190] [ 1521]     0  1521    76478    14747   237568     6120             0 newmem.bash
[  583.939158] [ 1523]     0  1523    76478    14912   237568     5994             0 newmem.bash
[  583.941077] [ 1525]     0  1525    76412    14961   245760     5869             0 newmem.bash
[  583.942970] [ 1527]     0  1527    75917    14650   237568     5653             0 newmem.bash
[  583.944844] [ 1529]     0  1529    75686    14583   237568     5505             0 newmem.bash
[  583.946698] [ 1531]     0  1531    75653    14638   237568     5398             0 newmem.bash
[  583.948518] [ 1533]     0  1533    75554    14679   233472     5271             0 newmem.bash
[  583.950298] [ 1535]     0  1535    75422    14738   237568     5093             0 newmem.bash
[  583.952086] [ 1537]     0  1537    75356    14736   233472     5014             0 newmem.bash
[  583.953848] [ 1539]     0  1539    75521    15129   229376     4826             0 newmem.bash
[  583.955590] [ 1541]     0  1541    75422    15055   241664     4765             0 newmem.bash
[  583.957289] [ 1543]     0  1543    74861    14628   237568     4622             0 newmem.bash
[  583.958939] [ 1545]     0  1545    74795    14715   229376     4505             0 newmem.bash
[  583.960605] [ 1547]     0  1547    75290    15314   221184     4388             0 newmem.bash
[  583.963869] Out of memory: Killed process 1493 (newmem.bash) total-vm:328088kB, anon-rss:58732kB, file-rss:4kB, shmem-rss:0kB, UID:0
[  584.339888] oom_reaper: reaped process 1493 (newmem.bash), now anon-rss:0kB, file-rss:0kB, shmem-rss:0kB
[  593.446303] newmem.bash invoked oom-killer: gfp_mask=0x6200ca(GFP_HIGHUSER_MOVABLE), nodemask=(null), order=0, oom_score_adj=0
[  593.452080] newmem.bash cpuset=/ mems_allowed=0
[  593.454018] CPU: 0 PID: 1541 Comm: newmem.bash Kdump: loaded Tainted: G                 ---------r-  - 4.18.0-193.el8.x86_64 #1
[  593.740703] [ 1495]     0  1495    81890    15072   290816    11278             0 newmem.bash
[  593.743041] [ 1497]     0  1497    81197    15191   286720    10439             0 newmem.bash
[  593.745366] [ 1499]     0  1499    81197    15744   282624     9914             0 newmem.bash
[  593.747714] [ 1501]     0  1501    80372    15436   266240     9393             0 newmem.bash
[  593.750028] [ 1503]     0  1503    79580    15002   274432     9061             0 newmem.bash
[  593.752280] [ 1505]     0  1505    79085    14921   270336     8642             0 newmem.bash
[  593.754426] [ 1507]     0  1507    79349    15413   270336     8383             0 newmem.bash
[  593.756547] [ 1509]     0  1509    78986    15408   266240     8004             0 newmem.bash
[  593.758630] [ 1511]     0  1511    78491    15265   262144     7666             0 newmem.bash
[  593.760714] [ 1513]     0  1513    78029    15059   253952     7417             0 newmem.bash
[  593.762781] [ 1515]     0  1515    78887    16021   266240     7316             0 newmem.bash
[  593.764838] [ 1517]     0  1517    78062    15449   258048     7069             0 newmem.bash
[  593.766876] [ 1519]     0  1519    78392    16033   249856     6823             0 newmem.bash
[  593.768927] [ 1521]     0  1521    77600    15527   249856     6535             0 newmem.bash
[  593.770919] [ 1523]     0  1523    77633    15702   249856     6398             0 newmem.bash
[  593.772875] [ 1525]     0  1525    76907    15065   249856     6281             0 newmem.bash
[  593.774821] [ 1527]     0  1527    77072    15495   249856     6059             0 newmem.bash
[  593.776698] [ 1529]     0  1529    76247    14722   241664     5940             0 newmem.bash
[  593.778542] [ 1531]     0  1531    76808    15429   249856     5810             0 newmem.bash
[  593.780406] [ 1533]     0  1533    76676    15489   241664     5662             0 newmem.bash
[  593.782231] [ 1535]     0  1535    75950    14903   241664     5509             0 newmem.bash
[  593.784029] [ 1537]     0  1537    75917    14938   237568     5450             0 newmem.bash
[  593.785819] [ 1539]     0  1539    76115    15344   233472     5243             0 newmem.bash
[  593.787594] [ 1541]     0  1541    76544    15806   249856     5195             0 newmem.bash
[  593.789323] [ 1543]     0  1543    75389    14826   241664     5025             0 newmem.bash
[  593.791037] [ 1545]     0  1545    75323    14888   233472     4918             0 newmem.bash
[  593.792725] [ 1547]     0  1547    75818    15438   225280     4807             0 newmem.bash
[  593.796029] Out of memory: Killed process 1495 (newmem.bash) total-vm:327560kB, anon-rss:60108kB, file-rss:180kB, shmem-rss:0kB, UID:0
[  604.091175] newmem.bash invoked oom-killer: gfp_mask=0x6200ca(GFP_HIGHUSER_MOVABLE), nodemask=(null), order=0, oom_score_adj=0
[  604.097489] newmem.bash cpuset=/ mems_allowed=0
[  604.099599] CPU: 0 PID: 1541 Comm: newmem.bash Kdump: loaded Tainted: G                 ---------r-  - 4.18.0-193.el8.x86_64 #1
[  604.411753] [ 1497]     0  1497    82187    15780   290816    10807             0 newmem.bash
[  604.414084] [ 1499]     0  1499    82220    16290   290816    10327             0 newmem.bash
[  604.416361] [ 1501]     0  1501    81362    15968   274432     9767             0 newmem.bash
[  604.418638] [ 1503]     0  1503    80537    15496   282624     9469             0 newmem.bash
[  604.420941] [ 1505]     0  1505    80075    15427   278528     9023             0 newmem.bash
[  604.423133] [ 1507]     0  1507    80372    15974   278528     8791             0 newmem.bash
[  604.425270] [ 1509]     0  1509    80009    16021   274432     8412             0 newmem.bash
[  604.427356] [ 1511]     0  1511    79448    15793   270336     8042             0 newmem.bash
[  604.429406] [ 1513]     0  1513    79052    15610   262144     7831             0 newmem.bash
[  604.431457] [ 1515]     0  1515    79844    16568   270336     7734             0 newmem.bash
[  604.433495] [ 1517]     0  1517    79085    15995   266240     7481             0 newmem.bash
[  604.435507] [ 1519]     0  1519    79349    16561   258048     7196             0 newmem.bash
[  604.437505] [ 1521]     0  1521    78623    16096   258048     6929             0 newmem.bash
[  604.439487] [ 1523]     0  1523    78623    16225   258048     6777             0 newmem.bash
[  604.441436] [ 1525]     0  1525    77897    15650   258048     6660             0 newmem.bash
[  604.443354] [ 1527]     0  1527    78095    16084   258048     6423             0 newmem.bash
[  604.445232] [ 1529]     0  1529    77237    15341   249856     6346             0 newmem.bash
[  604.447072] [ 1531]     0  1531    77765    15978   253952     6164             0 newmem.bash
[  604.448925] [ 1533]     0  1533    77666    16010   249856     6042             0 newmem.bash
[  604.450755] [ 1535]     0  1535    76940    15488   249856     5887             0 newmem.bash
[  604.452561] [ 1537]     0  1537    76940    15514   245760     5833             0 newmem.bash
[  604.454322] [ 1539]     0  1539    77105    15834   241664     5651             0 newmem.bash
[  604.456092] [ 1541]     0  1541    77567    16378   258048     5602             0 newmem.bash
[  604.457808] [ 1543]     0  1543    76412    15400   249856     5410             0 newmem.bash
[  604.459533] [ 1545]     0  1545    76313    15430   241664     5275             0 newmem.bash
[  604.461213] [ 1547]     0  1547    76808    15983   233472     5228             0 newmem.bash
[  604.464499] Out of memory: Killed process 1499 (newmem.bash) total-vm:328880kB, anon-rss:65160kB, file-rss:0kB, shmem-rss:0kB, UID:0
[  615.456107] newmem.bash invoked oom-killer: gfp_mask=0x6280ca(GFP_HIGHUSER_MOVABLE|__GFP_ZERO), nodemask=(null), order=0, oom_score_adj=0
[  615.461975] newmem.bash cpuset=/ mems_allowed=0
[  615.463969] CPU: 0 PID: 1545 Comm: newmem.bash Kdump: loaded Tainted: G                 ---------r-  - 4.18.0-193.el8.x86_64 #1
[  615.755323] [ 1497]     0  1497    82715    16024   299008    11183             0 newmem.bash
[  615.757605] [ 1501]     0  1501    81923    16299   278528    10136             0 newmem.bash
[  615.759895] [ 1503]     0  1503    81065    15774   286720     9839             0 newmem.bash
[  615.762194] [ 1505]     0  1505    80669    15792   282624     9391             0 newmem.bash
[  615.764449] [ 1507]     0  1507    80900    16273   282624     9181             0 newmem.bash
[  615.766653] [ 1509]     0  1509    84992    20679   315392     8810             0 newmem.bash
[  615.768764] [ 1511]     0  1511    80207    16292   274432     8413             0 newmem.bash
[  615.770845] [ 1513]     0  1513    79613    15918   266240     8203             0 newmem.bash
[  615.772893] [ 1515]     0  1515    80372    16798   274432     8111             0 newmem.bash
[  615.774928] [ 1517]     0  1517    79679    16308   270336     7862             0 newmem.bash
[  615.776946] [ 1519]     0  1519    79844    16789   262144     7555             0 newmem.bash
[  615.778958] [ 1521]     0  1521    79250    16482   262144     7305             0 newmem.bash
[  615.780959] [ 1523]     0  1523    79184    16558   262144     7146             0 newmem.bash
[  615.782943] [ 1525]     0  1525    78491    15964   262144     7033             0 newmem.bash
[  615.784907] [ 1527]     0  1527    78656    16357   262144     6804             0 newmem.bash
[  615.786835] [ 1529]     0  1529    77798    15652   253952     6696             0 newmem.bash
[  615.788734] [ 1531]     0  1531    78326    16321   262144     6525             0 newmem.bash
[  615.790617] [ 1533]     0  1533    78458    16532   258048     6422             0 newmem.bash
[  615.792482] [ 1535]     0  1535    81857    20096   286720     6258             0 newmem.bash
[  615.794315] [ 1537]     0  1537    77534    15837   249856     6216             0 newmem.bash
[  615.796142] [ 1539]     0  1539    77600    16079   245760     6022             0 newmem.bash
[  615.797916] [ 1541]     0  1541    78062    16586   262144     5977             0 newmem.bash
[  615.799726] [ 1543]     0  1543    77039    15719   253952     5815             0 newmem.bash
[  615.801534] [ 1545]     0  1545    76841    15737   245760     5654             0 newmem.bash
[  615.803295] [ 1547]     0  1547    77435    16337   237568     5590             0 newmem.bash
[  615.808448] Out of memory: Killed process 1509 (newmem.bash) total-vm:339968kB, anon-rss:82268kB, file-rss:448kB, shmem-rss:0kB, UID:0
[  617.382658] oom_reaper: reaped process 1509 (newmem.bash), now anon-rss:0kB, file-rss:0kB, shmem-rss:0kB
[  628.064475] newmem.bash invoked oom-killer: gfp_mask=0x6200ca(GFP_HIGHUSER_MOVABLE), nodemask=(null), order=0, oom_score_adj=0
[  628.070280] newmem.bash cpuset=/ mems_allowed=0
[  628.072221] CPU: 0 PID: 1535 Comm: newmem.bash Kdump: loaded Tainted: G                 ---------r-  - 4.18.0-193.el8.x86_64 #1
[  628.362899] [ 1497]     0  1497    83738    16594   307200    11557             0 newmem.bash
[  628.365178] [ 1501]     0  1501    82814    16780   286720    10475             0 newmem.bash
[  628.367516] [ 1503]     0  1503    82055    16306   290816    10178             0 newmem.bash
[  628.369780] [ 1505]     0  1505    81923    16632   290816     9725             0 newmem.bash
[  628.372052] [ 1507]     0  1507    82715    17567   294912     9552             0 newmem.bash
[  628.374298] [ 1511]     0  1511    81395    17011   286720     8773             0 newmem.bash
[  628.376401] [ 1513]     0  1513    81362    17255   278528     8542             0 newmem.bash
[  628.378482] [ 1515]     0  1515    81263    17188   282624     8466             0 newmem.bash
[  628.380522] [ 1517]     0  1517    80702    16920   278528     8208             0 newmem.bash
[  628.382551] [ 1519]     0  1519    81065    17574   270336     7925             0 newmem.bash
[  628.384568] [ 1521]     0  1521    80504    17264   270336     7685             0 newmem.bash
[  628.386591] [ 1523]     0  1523    80966    17894   274432     7486             0 newmem.bash
[  628.388592] [ 1525]     0  1525    79316    16351   270336     7405             0 newmem.bash
[  628.390577] [ 1527]     0  1527    79481    16761   266240     7151             0 newmem.bash
[  628.392544] [ 1529]     0  1529    78656    16026   262144     7066             0 newmem.bash
[  628.394475] [ 1531]     0  1531    79613    17162   270336     6868             0 newmem.bash
[  628.396401] [ 1533]     0  1533    79316    16955   262144     6794             0 newmem.bash
[  628.398264] [ 1535]     0  1535    82748    20598   294912     6585             0 newmem.bash
[  628.400118] [ 1537]     0  1537    79316    17192   262144     6559             0 newmem.bash
[  628.401957] [ 1539]     0  1539    78722    16746   253952     6402             0 newmem.bash
[  628.403780] [ 1541]     0  1541    78953    16995   270336     6345             0 newmem.bash
[  628.405613] [ 1543]     0  1543    77897    16101   262144     6194             0 newmem.bash
[  628.407413] [ 1545]     0  1545    77666    16128   253952     5982             0 newmem.bash
[  628.409208] [ 1547]     0  1547    78590    17055   249856     5966             0 newmem.bash
[  628.414498] Out of memory: Killed process 1497 (newmem.bash) total-vm:334952kB, anon-rss:66376kB, file-rss:0kB, shmem-rss:0kB, UID:0
[  640.596037] newmem.bash invoked oom-killer: gfp_mask=0x6200ca(GFP_HIGHUSER_MOVABLE), nodemask=(null), order=0, oom_score_adj=0
[  640.601890] newmem.bash cpuset=/ mems_allowed=0
[  640.603852] CPU: 0 PID: 1515 Comm: newmem.bash Kdump: loaded Tainted: G                 ---------r-  - 4.18.0-193.el8.x86_64 #1
[  640.892722] [ 1501]     0  1501    84101    17503   294912    11000             0 newmem.bash
[  640.895009] [ 1503]     0  1503    83375    17158   303104    10707             0 newmem.bash
[  640.897285] [ 1505]     0  1505    83276    17410   303104    10257             0 newmem.bash
[  640.899549] [ 1507]     0  1507    84002    18451   307200    10012             0 newmem.bash
[  640.901797] [ 1511]     0  1511    82682    17799   294912     9298             0 newmem.bash
[  640.903998] [ 1513]     0  1513    82682    18176   290816     9049             0 newmem.bash
[  640.906137] [ 1515]     0  1515    82517    18122   294912     8956             0 newmem.bash
[  640.908225] [ 1517]     0  1517    81989    17683   290816     8700             0 newmem.bash
[  640.910285] [ 1519]     0  1519    82385    18371   282624     8445             0 newmem.bash
[  640.912307] [ 1521]     0  1521    81824    18123   282624     8206             0 newmem.bash
[  640.914313] [ 1523]     0  1523    82319    18881   286720     8008             0 newmem.bash
[  640.916315] [ 1525]     0  1525    80603    17113   278528     7897             0 newmem.bash
[  640.918299] [ 1527]     0  1527    80801    17722   278528     7646             0 newmem.bash
[  640.920264] [ 1529]     0  1529    79976    16880   274432     7557             0 newmem.bash
[  640.922214] [ 1531]     0  1531    80900    18069   282624     7356             0 newmem.bash
[  640.924141] [ 1533]     0  1533    80603    17781   274432     7262             0 newmem.bash
[  640.926044] [ 1535]     0  1535    84068    21363   307200     7084             0 newmem.bash
[  640.927914] [ 1537]     0  1537    80636    18170   274432     7032             0 newmem.bash
[  640.929751] [ 1539]     0  1539    80009    17720   266240     6889             0 newmem.bash
[  640.931602] [ 1541]     0  1541    80273    18052   278528     6822             0 newmem.bash
[  640.933437] [ 1543]     0  1543    79151    16823   270336     6723             0 newmem.bash
[  640.935276] [ 1545]     0  1545    78986    17125   262144     6443             0 newmem.bash
[  640.937073] [ 1547]     0  1547    79877    17876   258048     6504             0 newmem.bash
[  640.942371] Out of memory: Killed process 1501 (newmem.bash) total-vm:336404kB, anon-rss:70012kB, file-rss:0kB, shmem-rss:0kB, UID:0
[  641.157406] oom_reaper: reaped process 1501 (newmem.bash), now anon-rss:0kB, file-rss:0kB, shmem-rss:0kB
[  653.556705] newmem.bash invoked oom-killer: gfp_mask=0x6200ca(GFP_HIGHUSER_MOVABLE), nodemask=(null), order=0, oom_score_adj=0
[  653.561365] newmem.bash cpuset=/ mems_allowed=0
[  653.563709] CPU: 0 PID: 1537 Comm: newmem.bash Kdump: loaded Tainted: G                 ---------r-  - 4.18.0-193.el8.x86_64 #1
[  653.856177] [ 1503]     0  1503    85256    18461   319488    11205             0 newmem.bash
[  653.858484] [ 1505]     0  1505    84530    18208   311296    10750             0 newmem.bash
[  653.860747] [ 1507]     0  1507    85223    19123   315392    10513             0 newmem.bash
[  653.863044] [ 1511]     0  1511    84563    19246   311296     9764             0 newmem.bash
[  653.865325] [ 1513]     0  1513    84530    19446   303104     9507             0 newmem.bash
[  653.867495] [ 1515]     0  1515    84431    19443   307200     9408             0 newmem.bash
[  653.869575] [ 1517]     0  1517    83144    18364   299008     9207             0 newmem.bash
[  653.871652] [ 1519]     0  1519    83408    18929   290816     8908             0 newmem.bash
[  653.873691] [ 1521]     0  1521    82913    18673   290816     8671             0 newmem.bash
[  653.875710] [ 1523]     0  1523    83474    19381   294912     8512             0 newmem.bash
[  653.877733] [ 1525]     0  1525    81791    17842   290816     8366             0 newmem.bash
[  653.879721] [ 1527]     0  1527    81890    18217   286720     8099             0 newmem.bash
[  653.881693] [ 1529]     0  1529    81098    17496   282624     8027             0 newmem.bash
[  653.883653] [ 1531]     0  1531    82880    19508   294912     7806             0 newmem.bash
[  653.885616] [ 1533]     0  1533    81725    18379   282624     7739             0 newmem.bash
[  653.887556] [ 1535]     0  1535    85124    21961   315392     7588             0 newmem.bash
[  653.889468] [ 1537]     0  1537    81923    18833   282624     7532             0 newmem.bash
[  653.891329] [ 1539]     0  1539    81329    18408   274432     7355             0 newmem.bash
[  653.893203] [ 1541]     0  1541    81296    18467   286720     7284             0 newmem.bash
[  653.895056] [ 1543]     0  1543    81032    18296   286720     7152             0 newmem.bash
[  653.896923] [ 1545]     0  1545    80075    17588   274432     6906             0 newmem.bash
[  653.898732] [ 1547]     0  1547    80966    18428   270336     6975             0 newmem.bash
[  653.904086] Out of memory: Killed process 1503 (newmem.bash) total-vm:341024kB, anon-rss:73844kB, file-rss:0kB, shmem-rss:0kB, UID:0
[  665.847159] newmem.bash invoked oom-killer: gfp_mask=0x6200ca(GFP_HIGHUSER_MOVABLE), nodemask=(null), order=0, oom_score_adj=0
[  665.853785] newmem.bash cpuset=/ mems_allowed=0
[  665.856049] CPU: 0 PID: 1547 Comm: newmem.bash Kdump: loaded Tainted: G                 ---------r-  - 4.18.0-193.el8.x86_64 #1
[  666.154485] [ 1505]     0  1505    85949    19112   323584    11278             0 newmem.bash
[  666.156750] [ 1507]     0  1507    86642    20026   327680    11012             0 newmem.bash
[  666.159017] [ 1511]     0  1511    86015    20154   323584    10292             0 newmem.bash
[  666.161293] [ 1513]     0  1513    85982    20384   315392    10036             0 newmem.bash
[  666.163528] [ 1515]     0  1515    85883    20384   319488     9931             0 newmem.bash
[  666.165711] [ 1517]     0  1517    84563    19278   311296     9737             0 newmem.bash
[  666.167799] [ 1519]     0  1519    84827    19786   303104     9439             0 newmem.bash
[  666.169884] [ 1521]     0  1521    84365    19574   303104     9201             0 newmem.bash
[  666.171902] [ 1523]     0  1523    84893    20297   307200     9040             0 newmem.bash
[  666.173903] [ 1525]     0  1525    83243    18765   299008     8884             0 newmem.bash
[  666.175889] [ 1527]     0  1527    83342    19158   299008     8601             0 newmem.bash
[  666.177864] [ 1529]     0  1529    82517    18355   294912     8564             0 newmem.bash
[  666.179825] [ 1531]     0  1531    84299    20382   307200     8322             0 newmem.bash
[  666.181800] [ 1533]     0  1533    83144    19324   294912     8240             0 newmem.bash
[  666.183762] [ 1535]     0  1535    86543    22885   327680     8120             0 newmem.bash
[  666.185701] [ 1537]     0  1537    83309    19647   294912     8064             0 newmem.bash
[  666.187619] [ 1539]     0  1539    82748    19295   286720     7857             0 newmem.bash
[  666.189515] [ 1541]     0  1541    82715    19311   299008     7812             0 newmem.bash
[  666.191376] [ 1543]     0  1543    82286    19004   294912     7682             0 newmem.bash
[  666.193218] [ 1545]     0  1545    81461    18445   282624     7435             0 newmem.bash
[  666.195050] [ 1547]     0  1547    82418    19350   282624     7504             0 newmem.bash
[  666.200527] Out of memory: Killed process 1507 (newmem.bash) total-vm:346568kB, anon-rss:80072kB, file-rss:32kB, shmem-rss:0kB, UID:0
[  677.317209] newmem.bash invoked oom-killer: gfp_mask=0x6200ca(GFP_HIGHUSER_MOVABLE), nodemask=(null), order=0, oom_score_adj=0
[  677.323749] newmem.bash cpuset=/ mems_allowed=0
[  677.326076] CPU: 0 PID: 1535 Comm: newmem.bash Kdump: loaded Tainted: G                 ---------r-  - 4.18.0-193.el8.x86_64 #1
[  677.618641] [ 1505]     0  1505    87335    19936   335872    11836             0 newmem.bash
[  677.620928] [ 1511]     0  1511    87203    20768   331776    10844             0 newmem.bash
[  677.623193] [ 1513]     0  1513    87401    21180   327680    10609             0 newmem.bash
[  677.625470] [ 1515]     0  1515    87269    21184   331776    10494             0 newmem.bash
[  677.627703] [ 1517]     0  1517    86015    20139   323584    10301             0 newmem.bash
[  677.629892] [ 1519]     0  1519    86147    20617   311296     9976             0 newmem.bash
[  677.631975] [ 1521]     0  1521    85718    20420   311296     9730             0 newmem.bash
[  677.634051] [ 1523]     0  1523    86180    20989   315392     9586             0 newmem.bash
[  677.636107] [ 1525]     0  1525    84530    19530   311296     9418             0 newmem.bash
[  677.638119] [ 1527]     0  1527    84629    19853   307200     9162             0 newmem.bash
[  677.640115] [ 1529]     0  1529    83969    19279   303104     9124             0 newmem.bash
[  677.642114] [ 1531]     0  1531    85652    21219   319488     8854             0 newmem.bash
[  677.644089] [ 1533]     0  1533    84431    20016   303104     8805             0 newmem.bash
[  677.646054] [ 1535]     0  1535    87962    23699   335872     8676             0 newmem.bash
[  677.648009] [ 1537]     0  1537    84761    20581   307200     8627             0 newmem.bash
[  677.649982] [ 1539]     0  1539    84002    20061   299008     8393             0 newmem.bash
[  677.651876] [ 1541]     0  1541    84167    20186   311296     8370             0 newmem.bash
[  677.653779] [ 1543]     0  1543    83606    19780   307200     8212             0 newmem.bash
[  677.655690] [ 1545]     0  1545    82781    19214   294912     7966             0 newmem.bash
[  677.657550] [ 1547]     0  1547    83837    20148   294912     8059             0 newmem.bash
[  677.663030] Out of memory: Killed process 1535 (newmem.bash) total-vm:351848kB, anon-rss:94796kB, file-rss:0kB, shmem-rss:0kB, UID:0
[  694.765815] newmem.bash invoked oom-killer: gfp_mask=0x6280ca(GFP_HIGHUSER_MOVABLE|__GFP_ZERO), nodemask=(null), order=0, oom_score_adj=0
[  694.772387] newmem.bash cpuset=/ mems_allowed=0
[  694.774577] CPU: 0 PID: 1533 Comm: newmem.bash Kdump: loaded Tainted: G                 ---------r-  - 4.18.0-193.el8.x86_64 #1
[  695.068909] [ 1505]     0  1505    89348    21452   352256    12308             0 newmem.bash
[  695.071174] [ 1511]     0  1511    89216    22335   348160    11287             0 newmem.bash
[  695.073430] [ 1513]     0  1513    89447    22780   344064    11072             0 newmem.bash
[  695.075689] [ 1515]     0  1515    89315    22774   348160    10941             0 newmem.bash
[  695.077939] [ 1517]     0  1517    88094    21924   339968    10773             0 newmem.bash
[  695.080114] [ 1519]     0  1519    88193    22182   327680    10450             0 newmem.bash
[  695.082209] [ 1521]     0  1521    87731    21951   327680    10201             0 newmem.bash
[  695.084297] [ 1523]     0  1523    88193    22865   331776    10059             0 newmem.bash
[  695.086346] [ 1525]     0  1525    86543    21272   327680     9863             0 newmem.bash
[  695.088359] [ 1527]     0  1527    86576    21380   323584     9610             0 newmem.bash
[  695.090352] [ 1529]     0  1529    85949    20797   319488     9582             0 newmem.bash
[  695.092342] [ 1531]     0  1531    87665    22763   335872     9311             0 newmem.bash
[  695.094317] [ 1533]     0  1533    86477    21898   319488     9250             0 newmem.bash
[  695.096288] [ 1537]     0  1537    86807    22166   323584     9098             0 newmem.bash
[  695.098237] [ 1539]     0  1539    86015    21629   311296     8835             0 newmem.bash
[  695.100164] [ 1541]     0  1541    86180    21769   327680     8817             0 newmem.bash
[  695.102060] [ 1543]     0  1543    85619    21474   323584     8663             0 newmem.bash
[  695.103929] [ 1545]     0  1545    84794    20801   311296     8433             0 newmem.bash
[  695.105784] [ 1547]     0  1547    85817    21753   311296     8500             0 newmem.bash
[  695.111232] Out of memory: Killed process 1513 (newmem.bash) total-vm:357788kB, anon-rss:91120kB, file-rss:0kB, shmem-rss:0kB, UID:0
[  697.109789] oom_reaper: reaped process 1513 (newmem.bash), now anon-rss:0kB, file-rss:0kB, shmem-rss:0kB
[  711.515691] newmem.bash invoked oom-killer: gfp_mask=0x6280ca(GFP_HIGHUSER_MOVABLE|__GFP_ZERO), nodemask=(null), order=0, oom_score_adj=0
[  711.529955] newmem.bash cpuset=/ mems_allowed=0
[  711.534366] CPU: 0 PID: 1521 Comm: newmem.bash Kdump: loaded Tainted: G                 ---------r-  - 4.18.0-193.el8.x86_64 #1
[  711.831181] [ 1505]     0  1505    91328    22809   368640    12931             0 newmem.bash
[  711.833453] [ 1511]     0  1511    91163    23720   364544    11878             0 newmem.bash
[  711.835720] [ 1515]     0  1515    91229    24068   364544    11562             0 newmem.bash
[  711.837962] [ 1517]     0  1517    90008    23042   356352    11398             0 newmem.bash
[  711.840202] [ 1519]     0  1519    90140    23491   344064    11072             0 newmem.bash
[  711.842381] [ 1521]     0  1521    89711    23310   344064    10811             0 newmem.bash
[  711.844450] [ 1523]     0  1523    90140    23888   348160    10678             0 newmem.bash
[  711.846500] [ 1525]     0  1525    88490    22435   344064    10475             0 newmem.bash
[  711.848511] [ 1527]     0  1527    88556    22748   339968    10203             0 newmem.bash
[  711.850523] [ 1529]     0  1529    87962    22192   335872    10192             0 newmem.bash
[  711.852522] [ 1531]     0  1531    89645    24160   352256     9900             0 newmem.bash
[  711.854520] [ 1533]     0  1533    88391    22960   335872     9837             0 newmem.bash
[  711.856515] [ 1537]     0  1537    88754    23466   339968     9709             0 newmem.bash
[  711.858801] [ 1539]     0  1539    87962    22946   327680     9426             0 newmem.bash
[  711.860753] [ 1541]     0  1541    88127    23094   344064     9435             0 newmem.bash
[  711.862724] [ 1543]     0  1543    87566    22700   339968     9283             0 newmem.bash
[  711.864686] [ 1545]     0  1545    86774    22163   327680     9032             0 newmem.bash
[  711.866574] [ 1547]     0  1547    87731    23071   323584     9089             0 newmem.bash
[  711.872129] Out of memory: Killed process 1505 (newmem.bash) total-vm:365312kB, anon-rss:91236kB, file-rss:0kB, shmem-rss:0kB, UID:0
[  715.425008] oom_reaper: reaped process 1505 (newmem.bash), now anon-rss:0kB, file-rss:0kB, shmem-rss:0kB
[  729.246249] newmem.bash invoked oom-killer: gfp_mask=0x6280ca(GFP_HIGHUSER_MOVABLE|__GFP_ZERO), nodemask=(null), order=0, oom_score_adj=0
[  729.253829] newmem.bash cpuset=/ mems_allowed=0
[  729.256348] CPU: 0 PID: 1537 Comm: newmem.bash Kdump: loaded Tainted: G                 ---------r-  - 4.18.0-193.el8.x86_64 #1
[  729.560571] [ 1511]     0  1511    93407    25381   380928    12612             0 newmem.bash
[  729.562851] [ 1515]     0  1515    93704    25915   380928    12332             0 newmem.bash
[  729.565104] [ 1517]     0  1517    92516    24910   372736    12164             0 newmem.bash
[  729.567321] [ 1519]     0  1519    91889    24447   360448    11850             0 newmem.bash
[  729.569535] [ 1521]     0  1521    92153    25132   364544    11560             0 newmem.bash
[  729.571688] [ 1523]     0  1523    92351    25476   364544    11448             0 newmem.bash
[  729.573786] [ 1525]     0  1525    90833    24150   360448    11235             0 newmem.bash
[  729.575820] [ 1527]     0  1527    90998    24623   360448    10948             0 newmem.bash
[  729.577816] [ 1529]     0  1529    89579    23077   348160    10965             0 newmem.bash
[  729.579796] [ 1531]     0  1531    91328    25220   364544    10664             0 newmem.bash
[  729.581769] [ 1533]     0  1533    90140    24058   348160    10610             0 newmem.bash
[  729.583751] [ 1537]     0  1537    91031    25139   356352    10451             0 newmem.bash
[  729.585756] [ 1539]     0  1539    89447    23685   339968    10172             0 newmem.bash
[  729.587721] [ 1541]     0  1541    89876    24055   356352    10201             0 newmem.bash
[  729.589676] [ 1543]     0  1543    89975    24354   356352    10049             0 newmem.bash
[  729.591595] [ 1545]     0  1545    89051    23785   344064     9768             0 newmem.bash
[  729.593498] [ 1547]     0  1547    89513    24269   339968     9833             0 newmem.bash
[  729.599067] Out of memory: Killed process 1515 (newmem.bash) total-vm:374816kB, anon-rss:103092kB, file-rss:568kB, shmem-rss:0kB, UID:0
[  729.989237] oom_reaper: reaped process 1515 (newmem.bash), now anon-rss:0kB, file-rss:0kB, shmem-rss:0kB
[  745.001558] newmem.bash invoked oom-killer: gfp_mask=0x6280ca(GFP_HIGHUSER_MOVABLE|__GFP_ZERO), nodemask=(null), order=0, oom_score_adj=0
[  745.008945] newmem.bash cpuset=/ mems_allowed=0
[  745.011440] CPU: 0 PID: 1525 Comm: newmem.bash Kdump: loaded Tainted: G                 ---------r-  - 4.18.0-193.el8.x86_64 #1
[  745.315476] [ 1511]     0  1511    95717    26753   401408    13389             0 newmem.bash
[  745.317753] [ 1517]     0  1517    94859    26547   393216    12933             0 newmem.bash
[  745.320027] [ 1519]     0  1519    94265    26037   376832    12634             0 newmem.bash
[  745.322301] [ 1521]     0  1521    94496    26771   385024    12352             0 newmem.bash
[  745.324583] [ 1523]     0  1523    94694    26890   385024    12237             0 newmem.bash
[  745.326745] [ 1525]     0  1525    93143    25578   380928    11996             0 newmem.bash
[  745.328847] [ 1527]     0  1527    93308    26224   376832    11709             0 newmem.bash
[  745.330934] [ 1529]     0  1529    91889    24761   368640    11753             0 newmem.bash
[  745.332981] [ 1531]     0  1531    93308    26474   380928    11435             0 newmem.bash
[  745.335018] [ 1533]     0  1533    92516    25576   368640    11352             0 newmem.bash
[  745.337068] [ 1537]     0  1537    93242    26457   376832    11191             0 newmem.bash
[  745.339085] [ 1539]     0  1539    91757    25430   360448    10955             0 newmem.bash
[  745.341114] [ 1541]     0  1541    92186    25608   376832    10988             0 newmem.bash
[  745.343122] [ 1543]     0  1543    92120    25701   376832    10835             0 newmem.bash
[  745.345083] [ 1545]     0  1545    91427    25296   364544    10537             0 newmem.bash
[  745.347016] [ 1547]     0  1547    91790    25825   356352    10597             0 newmem.bash
[  745.352730] Out of memory: Killed process 1511 (newmem.bash) total-vm:382868kB, anon-rss:107012kB, file-rss:0kB, shmem-rss:0kB, UID:0
[  746.318628] oom_reaper: reaped process 1511 (newmem.bash), now anon-rss:0kB, file-rss:0kB, shmem-rss:0kB
[  765.532382] newmem.bash invoked oom-killer: gfp_mask=0x6280ca(GFP_HIGHUSER_MOVABLE|__GFP_ZERO), nodemask=(null), order=0, oom_score_adj=0
[  765.546904] newmem.bash cpuset=/ mems_allowed=0
[  765.551595] CPU: 0 PID: 1525 Comm: newmem.bash Kdump: loaded Tainted: G                 ---------r-  - 4.18.0-193.el8.x86_64 #1
[  765.841977] [ 1517]     0  1517    97697    28233   417792    13848             0 newmem.bash
[  765.844270] [ 1519]     0  1519    96971    27855   401408    13525             0 newmem.bash
[  765.846522] [ 1521]     0  1521    97235    28402   405504    13269             0 newmem.bash
[  765.848780] [ 1523]     0  1523    97400    28677   405504    13148             0 newmem.bash
[  765.851048] [ 1525]     0  1525    95816    27375   401408    12876             0 newmem.bash
[  765.853203] [ 1527]     0  1527    96047    27879   401408    12604             0 newmem.bash
[  765.855320] [ 1529]     0  1529    94694    26497   389120    12602             0 newmem.bash
[  765.857372] [ 1531]     0  1531    95882    27942   401408    12344             0 newmem.bash
[  765.859393] [ 1533]     0  1533    95321    27492   393216    12241             0 newmem.bash
[  765.861397] [ 1537]     0  1537    95981    28308   397312    12091             0 newmem.bash
[  765.863382] [ 1539]     0  1539    94397    26943   380928    11843             0 newmem.bash
[  765.865379] [ 1541]     0  1541    94958    27517   397312    11869             0 newmem.bash
[  765.867350] [ 1543]     0  1543    94826    27563   397312    11702             0 newmem.bash
[  765.869310] [ 1545]     0  1545    94133    27125   385024    11438             0 newmem.bash
[  765.871249] [ 1547]     0  1547    94595    27539   380928    11492             0 newmem.bash
[  765.876957] Out of memory: Killed process 1517 (newmem.bash) total-vm:390788kB, anon-rss:112932kB, file-rss:0kB, shmem-rss:0kB, UID:0
[  767.054317] oom_reaper: reaped process 1517 (newmem.bash), now anon-rss:0kB, file-rss:0kB, shmem-rss:0kB
[  783.677987] newmem.bash invoked oom-killer: gfp_mask=0x6200ca(GFP_HIGHUSER_MOVABLE), nodemask=(null), order=0, oom_score_adj=0
[  783.685201] newmem.bash cpuset=/ mems_allowed=0
[  783.687604] CPU: 0 PID: 1537 Comm: newmem.bash Kdump: loaded Tainted: G                 ---------r-  - 4.18.0-193.el8.x86_64 #1
[  783.986163] [ 1519]     0  1519    99908    29884   421888    14475             0 newmem.bash
[  783.988405] [ 1521]     0  1521   100238    30396   430080    14272             0 newmem.bash
[  783.990656] [ 1523]     0  1523   100502    30816   430080    14102             0 newmem.bash
[  783.992873] [ 1525]     0  1525    98918    29461   425984    13855             0 newmem.bash
[  783.995092] [ 1527]     0  1527    99182    30024   425984    13573             0 newmem.bash
[  783.997227] [ 1529]     0  1529    97697    28570   413696    13568             0 newmem.bash
[  783.999290] [ 1531]     0  1531    98951    30032   425984    13307             0 newmem.bash
[  784.001370] [ 1533]     0  1533    98390    29564   417792    13217             0 newmem.bash
[  784.003391] [ 1537]     0  1537    99083    30437   421888    13072             0 newmem.bash
[  784.005435] [ 1539]     0  1539    97037    28671   401408    12820             0 newmem.bash
[  784.007431] [ 1541]     0  1541    98060    29663   421888    12812             0 newmem.bash
[  784.009461] [ 1543]     0  1543    97730    29489   421888    12673             0 newmem.bash
[  784.011438] [ 1545]     0  1545    97103    29096   409600    12426             0 newmem.bash
[  784.013395] [ 1547]     0  1547    97565    29481   405504    12470             0 newmem.bash
[  784.019154] Out of memory: Killed process 1523 (newmem.bash) total-vm:402008kB, anon-rss:123212kB, file-rss:52kB, shmem-rss:0kB, UID:0
[  784.224015] oom_reaper: reaped process 1523 (newmem.bash), now anon-rss:0kB, file-rss:0kB, shmem-rss:0kB
[  802.275778] newmem.bash invoked oom-killer: gfp_mask=0x6200ca(GFP_HIGHUSER_MOVABLE), nodemask=(null), order=0, oom_score_adj=0
[  802.282814] newmem.bash cpuset=/ mems_allowed=0
[  802.285185] CPU: 0 PID: 1545 Comm: newmem.bash Kdump: loaded Tainted: G                 ---------r-  - 4.18.0-193.el8.x86_64 #1
[  802.608348] [ 1519]     0  1519   103802    32534   454656    15722             0 newmem.bash
[  802.610595] [ 1521]     0  1521   103901    32999   458752    15345             0 newmem.bash
[  802.612863] [ 1525]     0  1525   102053    31544   450560    14933             0 newmem.bash
[  802.615090] [ 1527]     0  1527   102515    32355   450560    14604             0 newmem.bash
[  802.617306] [ 1529]     0  1529   100832    30669   438272    14591             0 newmem.bash
[  802.619448] [ 1531]     0  1531   102284    32394   450560    14342             0 newmem.bash
[  802.621565] [ 1533]     0  1533   101657    31849   442368    14238             0 newmem.bash
[  802.623620] [ 1537]     0  1537   103043    33420   454656    14101             0 newmem.bash
[  802.625658] [ 1539]     0  1539   100403    30917   430080    13924             0 newmem.bash
[  802.627672] [ 1541]     0  1541   101261    31631   446464    14077             0 newmem.bash
[  802.629697] [ 1543]     0  1543   101591    32333   450560    13696             0 newmem.bash
[  802.631714] [ 1545]     0  1545   100271    31230   434176    13483             0 newmem.bash
[  802.633718] [ 1547]     0  1547   100733    31393   430080    13765             0 newmem.bash
[  802.639708] Out of memory: Killed process 1521 (newmem.bash) total-vm:415604kB, anon-rss:131996kB, file-rss:0kB, shmem-rss:0kB, UID:0
[  803.201198] oom_reaper: reaped process 1521 (newmem.bash), now anon-rss:0kB, file-rss:0kB, shmem-rss:0kB
[  822.746782] [ 1519]     0  1519   108191    35584   487424    16997             0 newmem.bash
[  822.749048] [ 1525]     0  1525   105914    34099   483328    16232             0 newmem.bash
[  822.751274] [ 1527]     0  1527   106442    34988   483328    15850             0 newmem.bash
[  822.753524] [ 1529]     0  1529   104594    33126   471040    15903             0 newmem.bash
[  822.755763] [ 1531]     0  1531   106145    34892   483328    15643             0 newmem.bash
[  822.757925] [ 1533]     0  1533   105452    34309   471040    15559             0 newmem.bash
[  822.760014] [ 1537]     0  1537   106970    36039   483328    15346             0 newmem.bash
[  822.762097] [ 1539]     0  1539   104297    33475   458752    15231             0 newmem.bash
[  822.764117] [ 1541]     0  1541   105089    34181   479232    15319             0 newmem.bash
[  822.766149] [ 1543]     0  1543   106508    35916   491520    15023             0 newmem.bash
[  822.768147] [ 1545]     0  1545   104759    34408   471040    14766             0 newmem.bash
[  822.770130] [ 1547]     0  1547   104561    33949   458752    15050             0 newmem.bash
[  822.776089] Out of memory: Killed process 1519 (newmem.bash) total-vm:432764kB, anon-rss:142336kB, file-rss:0kB, shmem-rss:0kB, UID:0
[  823.076499] oom_reaper: reaped process 1519 (newmem.bash), now anon-rss:0kB, file-rss:0kB, shmem-rss:0kB
[  844.672372] [ 1525]     0  1525   110897    37774   524288    17544             0 newmem.bash
[  844.674632] [ 1527]     0  1527   111095    37691   520192    17802             0 newmem.bash
[  844.676864] [ 1529]     0  1529   109148    36295   507904    17249             0 newmem.bash
[  844.679082] [ 1531]     0  1531   110831    37673   520192    17576             0 newmem.bash
[  844.681301] [ 1533]     0  1533   110171    37091   512000    17499             0 newmem.bash
[  844.683481] [ 1537]     0  1537   111854    39592   524288    16701             0 newmem.bash
[  844.685567] [ 1539]     0  1539   109082    36922   495616    16560             0 newmem.bash
[  844.687640] [ 1541]     0  1541   109973    37180   520192    17196             0 newmem.bash
[  844.689684] [ 1543]     0  1543   111260    39311   528384    16369             0 newmem.bash
[  844.691721] [ 1545]     0  1545   109742    38065   512000    16106             0 newmem.bash
[  844.693750] [ 1547]     0  1547   109412    37486   499712    16345             0 newmem.bash
[  844.699848] Out of memory: Killed process 1537 (newmem.bash) total-vm:447416kB, anon-rss:158364kB, file-rss:4kB, shmem-rss:0kB, UID:0
[  844.990749] oom_reaper: reaped process 1537 (newmem.bash), now anon-rss:0kB, file-rss:0kB, shmem-rss:0kB
